[INFO] 09:29:13:685 BROKER/(5634:5634): LOG INICIALIZADO CON EXITO
[INFO] 09:29:25:360 BROKER/(5634:5636): Cliente conectado!
[INFO] 09:29:25:360 BROKER/(5634:5636): Creando hilo de administracion de conexion con cliente ....
[INFO] 09:29:25:361 BROKER/(5634:5636): Hilo creado correctamente
[INFO] 09:29:25:370 BROKER/(5634:5817): Tipo de mensaje recibido: 2
[TRACE] 09:29:25:370 BROKER/(5634:5817): 
	--LLEGO UN NUEVO MENSAJE A LA COLA DE GET --> DE GAMEBOY
[WARNING] 09:29:25:371 BROKER/(5634:5817): CLIENTE DESCONECTADO
[INFO] 09:29:25:377 BROKER/(5634:5636): Cliente conectado!
[INFO] 09:29:25:377 BROKER/(5634:5636): Creando hilo de administracion de conexion con cliente ....
[INFO] 09:29:25:377 BROKER/(5634:5636): Hilo creado correctamente
[INFO] 09:29:25:402 BROKER/(5634:5820): Tipo de mensaje recibido: 2
[TRACE] 09:29:25:403 BROKER/(5634:5820): 
	--LLEGO UN NUEVO MENSAJE A LA COLA DE GET --> DE GAMEBOY
[WARNING] 09:29:25:407 BROKER/(5634:5820): CLIENTE DESCONECTADO
[INFO] 09:36:24:902 BROKER/(6033:6033): LOG INICIALIZADO CON EXITO
[INFO] 09:36:28:603 BROKER/(6033:6035): Cliente conectado!
[INFO] 09:36:28:604 BROKER/(6033:6035): Creando hilo de administracion de conexion con cliente ....
[INFO] 09:36:28:608 BROKER/(6033:6035): Hilo creado correctamente
[INFO] 09:36:28:622 BROKER/(6033:6046): Tipo de mensaje recibido: 2
[TRACE] 09:36:28:623 BROKER/(6033:6046): 
	--LLEGO UN NUEVO MENSAJE A LA COLA DE GET --> DE GAMEBOY
[WARNING] 09:36:28:624 BROKER/(6033:6046): CLIENTE DESCONECTADO
[INFO] 09:36:28:644 BROKER/(6033:6035): Cliente conectado!
[INFO] 09:36:28:644 BROKER/(6033:6035): Creando hilo de administracion de conexion con cliente ....
[INFO] 09:36:28:644 BROKER/(6033:6035): Hilo creado correctamente
[INFO] 09:36:28:646 BROKER/(6033:6049): Tipo de mensaje recibido: 2
[TRACE] 09:36:28:646 BROKER/(6033:6049): 
	--LLEGO UN NUEVO MENSAJE A LA COLA DE GET --> DE GAMEBOY
[WARNING] 09:36:28:651 BROKER/(6033:6049): CLIENTE DESCONECTADO
[DEBUG] 09:36:29:910 BROKER/(6033:6042): CANTIDAD DE PARTICIONES: 3
[DEBUG] 09:36:29:911 BROKER/(6033:6042): CREANDO ARCHIVO DUMP EN Broker/DumpCache.bin
[DEBUG] 09:36:34:911 BROKER/(6033:6042): CANTIDAD DE PARTICIONES: 3
[DEBUG] 09:36:34:912 BROKER/(6033:6042): CREANDO ARCHIVO DUMP EN Broker/DumpCache.bin
[DEBUG] 09:36:39:912 BROKER/(6033:6042): CANTIDAD DE PARTICIONES: 3
[DEBUG] 09:36:39:913 BROKER/(6033:6042): CREANDO ARCHIVO DUMP EN Broker/DumpCache.bin
[DEBUG] 09:36:44:914 BROKER/(6033:6042): CANTIDAD DE PARTICIONES: 3
[DEBUG] 09:36:44:915 BROKER/(6033:6042): CREANDO ARCHIVO DUMP EN Broker/DumpCache.bin
[DEBUG] 09:36:49:915 BROKER/(6033:6042): CANTIDAD DE PARTICIONES: 3
[DEBUG] 09:36:49:916 BROKER/(6033:6042): CREANDO ARCHIVO DUMP EN Broker/DumpCache.bin
[DEBUG] 09:36:54:916 BROKER/(6033:6042): CANTIDAD DE PARTICIONES: 3
[DEBUG] 09:36:54:917 BROKER/(6033:6042): CREANDO ARCHIVO DUMP EN Broker/DumpCache.bin
[DEBUG] 09:36:59:918 BROKER/(6033:6042): CANTIDAD DE PARTICIONES: 3
[DEBUG] 09:36:59:918 BROKER/(6033:6042): CREANDO ARCHIVO DUMP EN Broker/DumpCache.bin
[DEBUG] 09:37:04:919 BROKER/(6033:6042): CANTIDAD DE PARTICIONES: 3
[DEBUG] 09:37:04:920 BROKER/(6033:6042): CREANDO ARCHIVO DUMP EN Broker/DumpCache.bin
[DEBUG] 09:37:09:921 BROKER/(6033:6042): CANTIDAD DE PARTICIONES: 3
[DEBUG] 09:37:09:921 BROKER/(6033:6042): CREANDO ARCHIVO DUMP EN Broker/DumpCache.bin
[DEBUG] 09:37:14:922 BROKER/(6033:6042): CANTIDAD DE PARTICIONES: 3
[DEBUG] 09:37:14:922 BROKER/(6033:6042): CREANDO ARCHIVO DUMP EN Broker/DumpCache.bin
[DEBUG] 09:37:19:923 BROKER/(6033:6042): CANTIDAD DE PARTICIONES: 3
[DEBUG] 09:37:19:924 BROKER/(6033:6042): CREANDO ARCHIVO DUMP EN Broker/DumpCache.bin
[DEBUG] 09:37:24:924 BROKER/(6033:6042): CANTIDAD DE PARTICIONES: 3
[DEBUG] 09:37:24:925 BROKER/(6033:6042): CREANDO ARCHIVO DUMP EN Broker/DumpCache.bin
[DEBUG] 09:37:29:925 BROKER/(6033:6042): CANTIDAD DE PARTICIONES: 3
[DEBUG] 09:37:29:926 BROKER/(6033:6042): CREANDO ARCHIVO DUMP EN Broker/DumpCache.bin
[INFO] 09:58:18:9 BROKER/(7126:7126): LOG INICIALIZADO CON EXITO
[INFO] 09:58:23:45 BROKER/(7126:7128): Cliente conectado!
[INFO] 09:58:23:45 BROKER/(7126:7128): Creando hilo de administracion de conexion con cliente ....
[INFO] 09:58:23:46 BROKER/(7126:7128): Hilo creado correctamente
[INFO] 09:58:23:56 BROKER/(7126:7140): Tipo de mensaje recibido: 2
[TRACE] 09:58:23:56 BROKER/(7126:7140): 
	--LLEGO UN NUEVO MENSAJE A LA COLA DE GET --> DE GAMEBOY
[WARNING] 09:58:23:60 BROKER/(7126:7140): CLIENTE DESCONECTADO
[INFO] 09:58:23:92 BROKER/(7126:7128): Cliente conectado!
[INFO] 09:58:23:92 BROKER/(7126:7128): Creando hilo de administracion de conexion con cliente ....
[INFO] 09:58:23:92 BROKER/(7126:7128): Hilo creado correctamente
[INFO] 09:58:23:93 BROKER/(7126:7143): Tipo de mensaje recibido: 2
[TRACE] 09:58:23:93 BROKER/(7126:7143): 
	--LLEGO UN NUEVO MENSAJE A LA COLA DE GET --> DE GAMEBOY
[WARNING] 09:58:23:104 BROKER/(7126:7143): CLIENTE DESCONECTADO
[DEBUG] 09:58:28:24 BROKER/(7126:7135): CANTIDAD DE PARTICIONES: 3
[DEBUG] 09:58:28:24 BROKER/(7126:7135): CREANDO ARCHIVO DUMP EN Broker/DumpCache.bin
[DEBUG] 09:58:38:24 BROKER/(7126:7135): CANTIDAD DE PARTICIONES: 3
[DEBUG] 09:58:38:25 BROKER/(7126:7135): CREANDO ARCHIVO DUMP EN Broker/DumpCache.bin
[DEBUG] 09:58:48:28 BROKER/(7126:7135): CANTIDAD DE PARTICIONES: 3
[DEBUG] 09:58:48:28 BROKER/(7126:7135): CREANDO ARCHIVO DUMP EN Broker/DumpCache.bin
[DEBUG] 09:58:58:29 BROKER/(7126:7135): CANTIDAD DE PARTICIONES: 3
[DEBUG] 09:58:58:30 BROKER/(7126:7135): CREANDO ARCHIVO DUMP EN Broker/DumpCache.bin
[DEBUG] 09:59:08:33 BROKER/(7126:7135): CANTIDAD DE PARTICIONES: 3
[DEBUG] 09:59:08:33 BROKER/(7126:7135): CREANDO ARCHIVO DUMP EN Broker/DumpCache.bin
[INFO] 10:02:32:937 BROKER/(7214:7214): LOG INICIALIZADO CON EXITO
[DEBUG] 10:02:42:947 BROKER/(7214:7223): CANTIDAD DE PARTICIONES: 1
[DEBUG] 10:02:42:948 BROKER/(7214:7223): CREANDO ARCHIVO DUMP EN Broker/DumpCache.bin
[DEBUG] 10:02:52:949 BROKER/(7214:7223): CANTIDAD DE PARTICIONES: 1
[DEBUG] 10:02:52:949 BROKER/(7214:7223): CREANDO ARCHIVO DUMP EN Broker/DumpCache.bin
[DEBUG] 10:03:02:950 BROKER/(7214:7223): CANTIDAD DE PARTICIONES: 1
[DEBUG] 10:03:02:950 BROKER/(7214:7223): CREANDO ARCHIVO DUMP EN Broker/DumpCache.bin
[DEBUG] 10:03:12:950 BROKER/(7214:7223): CANTIDAD DE PARTICIONES: 1
[DEBUG] 10:03:12:951 BROKER/(7214:7223): CREANDO ARCHIVO DUMP EN Broker/DumpCache.bin
[DEBUG] 10:03:22:955 BROKER/(7214:7223): CANTIDAD DE PARTICIONES: 1
[DEBUG] 10:03:22:956 BROKER/(7214:7223): CREANDO ARCHIVO DUMP EN Broker/DumpCache.bin
[DEBUG] 10:03:32:960 BROKER/(7214:7223): CANTIDAD DE PARTICIONES: 1
[DEBUG] 10:03:32:961 BROKER/(7214:7223): CREANDO ARCHIVO DUMP EN Broker/DumpCache.bin
[DEBUG] 10:03:42:964 BROKER/(7214:7223): CANTIDAD DE PARTICIONES: 1
[DEBUG] 10:03:42:965 BROKER/(7214:7223): CREANDO ARCHIVO DUMP EN Broker/DumpCache.bin
[INFO] 10:03:47:496 BROKER/(7214:7216): Cliente conectado!
[INFO] 10:03:47:496 BROKER/(7214:7216): Creando hilo de administracion de conexion con cliente ....
[INFO] 10:03:47:497 BROKER/(7214:7216): Hilo creado correctamente
[INFO] 10:03:47:503 BROKER/(7214:7271): Tipo de mensaje recibido: 2
[TRACE] 10:03:47:504 BROKER/(7214:7271): 
	--LLEGO UN NUEVO MENSAJE A LA COLA DE GET --> DE GAMEBOY
[WARNING] 10:03:47:516 BROKER/(7214:7271): CLIENTE DESCONECTADO
[INFO] 10:03:47:540 BROKER/(7214:7216): Cliente conectado!
[INFO] 10:03:47:541 BROKER/(7214:7216): Creando hilo de administracion de conexion con cliente ....
[INFO] 10:03:47:541 BROKER/(7214:7216): Hilo creado correctamente
[INFO] 10:03:47:541 BROKER/(7214:7274): Tipo de mensaje recibido: 2
[TRACE] 10:03:47:542 BROKER/(7214:7274): 
	--LLEGO UN NUEVO MENSAJE A LA COLA DE GET --> DE GAMEBOY
[WARNING] 10:03:47:546 BROKER/(7214:7274): CLIENTE DESCONECTADO
[DEBUG] 10:03:52:968 BROKER/(7214:7223): CANTIDAD DE PARTICIONES: 3
[DEBUG] 10:03:52:968 BROKER/(7214:7223): CREANDO ARCHIVO DUMP EN Broker/DumpCache.bin
[DEBUG] 10:04:02:969 BROKER/(7214:7223): CANTIDAD DE PARTICIONES: 3
[DEBUG] 10:04:02:969 BROKER/(7214:7223): CREANDO ARCHIVO DUMP EN Broker/DumpCache.bin
[DEBUG] 10:04:12:972 BROKER/(7214:7223): CANTIDAD DE PARTICIONES: 3
[DEBUG] 10:04:12:972 BROKER/(7214:7223): CREANDO ARCHIVO DUMP EN Broker/DumpCache.bin
[DEBUG] 10:04:22:973 BROKER/(7214:7223): CANTIDAD DE PARTICIONES: 3
[DEBUG] 10:04:22:973 BROKER/(7214:7223): CREANDO ARCHIVO DUMP EN Broker/DumpCache.bin
[DEBUG] 10:04:32:976 BROKER/(7214:7223): CANTIDAD DE PARTICIONES: 3
[DEBUG] 10:04:32:977 BROKER/(7214:7223): CREANDO ARCHIVO DUMP EN Broker/DumpCache.bin
[DEBUG] 10:04:42:980 BROKER/(7214:7223): CANTIDAD DE PARTICIONES: 3
[DEBUG] 10:04:42:981 BROKER/(7214:7223): CREANDO ARCHIVO DUMP EN Broker/DumpCache.bin
[DEBUG] 10:04:52:985 BROKER/(7214:7223): CANTIDAD DE PARTICIONES: 3
[DEBUG] 10:04:52:985 BROKER/(7214:7223): CREANDO ARCHIVO DUMP EN Broker/DumpCache.bin
[DEBUG] 10:05:02:988 BROKER/(7214:7223): CANTIDAD DE PARTICIONES: 3
[DEBUG] 10:05:02:989 BROKER/(7214:7223): CREANDO ARCHIVO DUMP EN Broker/DumpCache.bin
[DEBUG] 10:05:12:992 BROKER/(7214:7223): CANTIDAD DE PARTICIONES: 3
[DEBUG] 10:05:12:992 BROKER/(7214:7223): CREANDO ARCHIVO DUMP EN Broker/DumpCache.bin
[DEBUG] 10:05:22:996 BROKER/(7214:7223): CANTIDAD DE PARTICIONES: 3
[DEBUG] 10:05:22:997 BROKER/(7214:7223): CREANDO ARCHIVO DUMP EN Broker/DumpCache.bin
[DEBUG] 10:05:32:0 BROKER/(7214:7223): CANTIDAD DE PARTICIONES: 3
[DEBUG] 10:05:32:0 BROKER/(7214:7223): CREANDO ARCHIVO DUMP EN Broker/DumpCache.bin
[DEBUG] 10:05:42:1 BROKER/(7214:7223): CANTIDAD DE PARTICIONES: 3
[DEBUG] 10:05:42:1 BROKER/(7214:7223): CREANDO ARCHIVO DUMP EN Broker/DumpCache.bin
[DEBUG] 10:05:53:4 BROKER/(7214:7223): CANTIDAD DE PARTICIONES: 3
[DEBUG] 10:05:53:4 BROKER/(7214:7223): CREANDO ARCHIVO DUMP EN Broker/DumpCache.bin
[DEBUG] 10:06:03:8 BROKER/(7214:7223): CANTIDAD DE PARTICIONES: 3
[DEBUG] 10:06:03:8 BROKER/(7214:7223): CREANDO ARCHIVO DUMP EN Broker/DumpCache.bin
[DEBUG] 10:06:13:12 BROKER/(7214:7223): CANTIDAD DE PARTICIONES: 3
[DEBUG] 10:06:13:12 BROKER/(7214:7223): CREANDO ARCHIVO DUMP EN Broker/DumpCache.bin
[DEBUG] 10:06:23:12 BROKER/(7214:7223): CANTIDAD DE PARTICIONES: 3
[DEBUG] 10:06:23:12 BROKER/(7214:7223): CREANDO ARCHIVO DUMP EN Broker/DumpCache.bin
[DEBUG] 10:06:33:16 BROKER/(7214:7223): CANTIDAD DE PARTICIONES: 3
[DEBUG] 10:06:33:17 BROKER/(7214:7223): CREANDO ARCHIVO DUMP EN Broker/DumpCache.bin
[DEBUG] 10:06:43:20 BROKER/(7214:7223): CANTIDAD DE PARTICIONES: 3
[DEBUG] 10:06:43:21 BROKER/(7214:7223): CREANDO ARCHIVO DUMP EN Broker/DumpCache.bin
[DEBUG] 10:06:53:24 BROKER/(7214:7223): CANTIDAD DE PARTICIONES: 3
[DEBUG] 10:06:53:25 BROKER/(7214:7223): CREANDO ARCHIVO DUMP EN Broker/DumpCache.bin
[DEBUG] 10:07:03:28 BROKER/(7214:7223): CANTIDAD DE PARTICIONES: 3
[DEBUG] 10:07:03:29 BROKER/(7214:7223): CREANDO ARCHIVO DUMP EN Broker/DumpCache.bin
[DEBUG] 10:07:13:32 BROKER/(7214:7223): CANTIDAD DE PARTICIONES: 3
[DEBUG] 10:07:13:32 BROKER/(7214:7223): CREANDO ARCHIVO DUMP EN Broker/DumpCache.bin
[DEBUG] 10:07:23:36 BROKER/(7214:7223): CANTIDAD DE PARTICIONES: 3
[DEBUG] 10:07:23:37 BROKER/(7214:7223): CREANDO ARCHIVO DUMP EN Broker/DumpCache.bin
[INFO] 10:20:58:807 BROKER/(8181:8181): LOG INICIALIZADO CON EXITO
[DEBUG] 10:21:08:827 BROKER/(8181:8190): CANTIDAD DE PARTICIONES: 1
[DEBUG] 10:21:08:828 BROKER/(8181:8190): CREANDO ARCHIVO DUMP EN Broker/DumpCache.bin
[DEBUG] 10:21:18:832 BROKER/(8181:8190): CANTIDAD DE PARTICIONES: 1
[DEBUG] 10:21:18:834 BROKER/(8181:8190): CREANDO ARCHIVO DUMP EN Broker/DumpCache.bin
[DEBUG] 10:21:28:838 BROKER/(8181:8190): CANTIDAD DE PARTICIONES: 1
[DEBUG] 10:21:28:839 BROKER/(8181:8190): CREANDO ARCHIVO DUMP EN Broker/DumpCache.bin
[INFO] 10:21:35:217 BROKER/(8181:8183): Cliente conectado!
[INFO] 10:21:35:217 BROKER/(8181:8183): Creando hilo de administracion de conexion con cliente ....
[INFO] 10:21:35:217 BROKER/(8181:8183): Hilo creado correctamente
[INFO] 10:21:35:222 BROKER/(8181:8238): Tipo de mensaje recibido: 2
[TRACE] 10:21:35:223 BROKER/(8181:8238): 
	--LLEGO UN NUEVO MENSAJE A LA COLA DE GET --> DE GAMEBOY
[WARNING] 10:21:35:227 BROKER/(8181:8238): CLIENTE DESCONECTADO
[INFO] 10:21:35:242 BROKER/(8181:8183): Cliente conectado!
[INFO] 10:21:35:242 BROKER/(8181:8183): Creando hilo de administracion de conexion con cliente ....
[INFO] 10:21:35:242 BROKER/(8181:8183): Hilo creado correctamente
[INFO] 10:21:35:250 BROKER/(8181:8241): Tipo de mensaje recibido: 2
[TRACE] 10:21:35:251 BROKER/(8181:8241): 
	--LLEGO UN NUEVO MENSAJE A LA COLA DE GET --> DE GAMEBOY
[WARNING] 10:21:35:256 BROKER/(8181:8241): CLIENTE DESCONECTADO
[DEBUG] 10:21:38:841 BROKER/(8181:8190): CANTIDAD DE PARTICIONES: 3
[DEBUG] 10:21:38:842 BROKER/(8181:8190): CREANDO ARCHIVO DUMP EN Broker/DumpCache.bin
[INFO] 10:23:20:847 BROKER/(8396:8396): LOG INICIALIZADO CON EXITO
[INFO] 10:23:25:143 BROKER/(8396:8398): Cliente conectado!
[INFO] 10:23:25:143 BROKER/(8396:8398): Creando hilo de administracion de conexion con cliente ....
[INFO] 10:23:25:143 BROKER/(8396:8398): Hilo creado correctamente
[INFO] 10:23:25:160 BROKER/(8396:8409): Tipo de mensaje recibido: 2
[TRACE] 10:23:25:167 BROKER/(8396:8409): 
	--LLEGO UN NUEVO MENSAJE A LA COLA DE GET --> DE GAMEBOY
[WARNING] 10:23:25:176 BROKER/(8396:8409): CLIENTE DESCONECTADO
[INFO] 10:23:25:200 BROKER/(8396:8398): Cliente conectado!
[INFO] 10:23:25:200 BROKER/(8396:8398): Creando hilo de administracion de conexion con cliente ....
[INFO] 10:23:25:200 BROKER/(8396:8398): Hilo creado correctamente
[INFO] 10:23:25:206 BROKER/(8396:8412): Tipo de mensaje recibido: 2
[TRACE] 10:23:25:213 BROKER/(8396:8412): 
	--LLEGO UN NUEVO MENSAJE A LA COLA DE GET --> DE GAMEBOY
[WARNING] 10:23:25:214 BROKER/(8396:8412): CLIENTE DESCONECTADO
[DEBUG] 10:23:30:859 BROKER/(8396:8405): CANTIDAD DE PARTICIONES: 3
[DEBUG] 10:23:30:859 BROKER/(8396:8405): CREANDO ARCHIVO DUMP EN Broker/DumpCache.bin
[DEBUG] 10:23:40:860 BROKER/(8396:8405): CANTIDAD DE PARTICIONES: 3
[DEBUG] 10:23:40:860 BROKER/(8396:8405): CREANDO ARCHIVO DUMP EN Broker/DumpCache.bin
[DEBUG] 10:23:50:863 BROKER/(8396:8405): CANTIDAD DE PARTICIONES: 3
[DEBUG] 10:23:50:863 BROKER/(8396:8405): CREANDO ARCHIVO DUMP EN Broker/DumpCache.bin
[DEBUG] 10:24:00:864 BROKER/(8396:8405): CANTIDAD DE PARTICIONES: 3
[DEBUG] 10:24:00:864 BROKER/(8396:8405): CREANDO ARCHIVO DUMP EN Broker/DumpCache.bin
[DEBUG] 10:24:10:867 BROKER/(8396:8405): CANTIDAD DE PARTICIONES: 3
[DEBUG] 10:24:10:868 BROKER/(8396:8405): CREANDO ARCHIVO DUMP EN Broker/DumpCache.bin
[DEBUG] 10:24:20:872 BROKER/(8396:8405): CANTIDAD DE PARTICIONES: 3
[DEBUG] 10:24:20:872 BROKER/(8396:8405): CREANDO ARCHIVO DUMP EN Broker/DumpCache.bin
[DEBUG] 10:24:30:875 BROKER/(8396:8405): CANTIDAD DE PARTICIONES: 3
[DEBUG] 10:24:30:876 BROKER/(8396:8405): CREANDO ARCHIVO DUMP EN Broker/DumpCache.bin
[DEBUG] 10:24:40:879 BROKER/(8396:8405): CANTIDAD DE PARTICIONES: 3
[DEBUG] 10:24:40:879 BROKER/(8396:8405): CREANDO ARCHIVO DUMP EN Broker/DumpCache.bin
[DEBUG] 10:24:50:883 BROKER/(8396:8405): CANTIDAD DE PARTICIONES: 3
[DEBUG] 10:24:50:884 BROKER/(8396:8405): CREANDO ARCHIVO DUMP EN Broker/DumpCache.bin
[INFO] 10:47:52:562 BROKER/(9622:9622): LOG INICIALIZADO CON EXITO
[DEBUG] 10:48:02:568 BROKER/(9622:9631): CANTIDAD DE PARTICIONES: 1
[DEBUG] 10:48:02:569 BROKER/(9622:9631): CREANDO ARCHIVO DUMP EN Broker/DumpCache.bin
[DEBUG] 10:48:12:569 BROKER/(9622:9631): CANTIDAD DE PARTICIONES: 1
[DEBUG] 10:48:12:570 BROKER/(9622:9631): CREANDO ARCHIVO DUMP EN Broker/DumpCache.bin
[DEBUG] 10:48:22:573 BROKER/(9622:9631): CANTIDAD DE PARTICIONES: 1
[DEBUG] 10:48:22:574 BROKER/(9622:9631): CREANDO ARCHIVO DUMP EN Broker/DumpCache.bin
[DEBUG] 10:48:32:578 BROKER/(9622:9631): CANTIDAD DE PARTICIONES: 1
[DEBUG] 10:48:32:578 BROKER/(9622:9631): CREANDO ARCHIVO DUMP EN Broker/DumpCache.bin
[DEBUG] 10:48:42:581 BROKER/(9622:9631): CANTIDAD DE PARTICIONES: 1
[DEBUG] 10:48:42:582 BROKER/(9622:9631): CREANDO ARCHIVO DUMP EN Broker/DumpCache.bin
[INFO] 10:48:45:269 BROKER/(9622:9624): Cliente conectado!
[INFO] 10:48:45:269 BROKER/(9622:9624): Creando hilo de administracion de conexion con cliente ....
[INFO] 10:48:45:269 BROKER/(9622:9624): Hilo creado correctamente
[INFO] 10:48:45:276 BROKER/(9622:9671): Tipo de mensaje recibido: 2
[TRACE] 10:48:45:276 BROKER/(9622:9671): 
	--LLEGO UN NUEVO MENSAJE A LA COLA DE GET --> DE GAMEBOY
[WARNING] 10:48:45:285 BROKER/(9622:9671): CLIENTE DESCONECTADO
[INFO] 10:48:45:289 BROKER/(9622:9624): Cliente conectado!
[INFO] 10:48:45:289 BROKER/(9622:9624): Creando hilo de administracion de conexion con cliente ....
[INFO] 10:48:45:289 BROKER/(9622:9624): Hilo creado correctamente
[INFO] 10:48:45:299 BROKER/(9622:9674): Tipo de mensaje recibido: 2
[TRACE] 10:48:45:300 BROKER/(9622:9674): 
	--LLEGO UN NUEVO MENSAJE A LA COLA DE GET --> DE GAMEBOY
[WARNING] 10:48:45:306 BROKER/(9622:9674): CLIENTE DESCONECTADO
[DEBUG] 10:48:52:585 BROKER/(9622:9631): CANTIDAD DE PARTICIONES: 3
[DEBUG] 10:48:52:586 BROKER/(9622:9631): CREANDO ARCHIVO DUMP EN Broker/DumpCache.bin
[DEBUG] 10:49:02:589 BROKER/(9622:9631): CANTIDAD DE PARTICIONES: 3
[DEBUG] 10:49:02:589 BROKER/(9622:9631): CREANDO ARCHIVO DUMP EN Broker/DumpCache.bin
[DEBUG] 10:49:12:592 BROKER/(9622:9631): CANTIDAD DE PARTICIONES: 3
[DEBUG] 10:49:12:593 BROKER/(9622:9631): CREANDO ARCHIVO DUMP EN Broker/DumpCache.bin
[DEBUG] 10:49:22:597 BROKER/(9622:9631): CANTIDAD DE PARTICIONES: 3
[DEBUG] 10:49:22:598 BROKER/(9622:9631): CREANDO ARCHIVO DUMP EN Broker/DumpCache.bin
[DEBUG] 10:49:32:600 BROKER/(9622:9631): CANTIDAD DE PARTICIONES: 3
[DEBUG] 10:49:32:601 BROKER/(9622:9631): CREANDO ARCHIVO DUMP EN Broker/DumpCache.bin
[DEBUG] 10:49:42:604 BROKER/(9622:9631): CANTIDAD DE PARTICIONES: 3
[DEBUG] 10:49:42:604 BROKER/(9622:9631): CREANDO ARCHIVO DUMP EN Broker/DumpCache.bin
[DEBUG] 10:49:52:605 BROKER/(9622:9631): CANTIDAD DE PARTICIONES: 3
[DEBUG] 10:49:52:606 BROKER/(9622:9631): CREANDO ARCHIVO DUMP EN Broker/DumpCache.bin
[DEBUG] 10:50:02:610 BROKER/(9622:9631): CANTIDAD DE PARTICIONES: 3
[DEBUG] 10:50:02:610 BROKER/(9622:9631): CREANDO ARCHIVO DUMP EN Broker/DumpCache.bin
[DEBUG] 10:50:12:614 BROKER/(9622:9631): CANTIDAD DE PARTICIONES: 3
[DEBUG] 10:50:12:614 BROKER/(9622:9631): CREANDO ARCHIVO DUMP EN Broker/DumpCache.bin
[INFO] 10:58:36:871 BROKER/(10220:10220): LOG INICIALIZADO CON EXITO
[DEBUG] 10:58:46:882 BROKER/(10220:10229): CANTIDAD DE PARTICIONES: 1
[DEBUG] 10:58:46:883 BROKER/(10220:10229): CREANDO ARCHIVO DUMP EN Broker/DumpCache.bin
[DEBUG] 10:58:56:883 BROKER/(10220:10229): CANTIDAD DE PARTICIONES: 1
[DEBUG] 10:58:56:883 BROKER/(10220:10229): CREANDO ARCHIVO DUMP EN Broker/DumpCache.bin
[DEBUG] 10:59:06:884 BROKER/(10220:10229): CANTIDAD DE PARTICIONES: 1
[DEBUG] 10:59:06:884 BROKER/(10220:10229): CREANDO ARCHIVO DUMP EN Broker/DumpCache.bin
[DEBUG] 10:59:16:885 BROKER/(10220:10229): CANTIDAD DE PARTICIONES: 1
[DEBUG] 10:59:16:885 BROKER/(10220:10229): CREANDO ARCHIVO DUMP EN Broker/DumpCache.bin
[INFO] 11:00:44:736 BROKER/(10428:10428): LOG INICIALIZADO CON EXITO
[DEBUG] 11:00:44:738 BROKER/(10428:10437): CANTIDAD DE PARTICIONES: 1
[DEBUG] 11:00:44:741 BROKER/(10428:10437): CREANDO ARCHIVO DUMP EN Broker/DumpCache.bin
[DEBUG] 11:00:54:747 BROKER/(10428:10437): CANTIDAD DE PARTICIONES: 1
[DEBUG] 11:00:54:747 BROKER/(10428:10437): CREANDO ARCHIVO DUMP EN Broker/DumpCache.bin
[DEBUG] 11:01:04:750 BROKER/(10428:10437): CANTIDAD DE PARTICIONES: 1
[DEBUG] 11:01:04:750 BROKER/(10428:10437): CREANDO ARCHIVO DUMP EN Broker/DumpCache.bin
[DEBUG] 11:01:14:754 BROKER/(10428:10437): CANTIDAD DE PARTICIONES: 1
[DEBUG] 11:01:14:754 BROKER/(10428:10437): CREANDO ARCHIVO DUMP EN Broker/DumpCache.bin
[INFO] 11:01:22:95 BROKER/(10428:10430): Cliente conectado!
[INFO] 11:01:22:95 BROKER/(10428:10430): Creando hilo de administracion de conexion con cliente ....
[INFO] 11:01:22:95 BROKER/(10428:10430): Hilo creado correctamente
[INFO] 11:01:22:113 BROKER/(10428:10469): Tipo de mensaje recibido: 2
[TRACE] 11:01:22:113 BROKER/(10428:10469): 
	--LLEGO UN NUEVO MENSAJE A LA COLA DE GET --> DE GAMEBOY
[WARNING] 11:01:22:117 BROKER/(10428:10469): CLIENTE DESCONECTADO
[INFO] 11:01:22:129 BROKER/(10428:10430): Cliente conectado!
[INFO] 11:01:22:129 BROKER/(10428:10430): Creando hilo de administracion de conexion con cliente ....
[INFO] 11:01:22:129 BROKER/(10428:10430): Hilo creado correctamente
[INFO] 11:01:22:142 BROKER/(10428:10472): Tipo de mensaje recibido: 2
[TRACE] 11:01:22:142 BROKER/(10428:10472): 
	--LLEGO UN NUEVO MENSAJE A LA COLA DE GET --> DE GAMEBOY
[WARNING] 11:01:22:145 BROKER/(10428:10472): CLIENTE DESCONECTADO
[DEBUG] 11:01:24:758 BROKER/(10428:10437): CANTIDAD DE PARTICIONES: 3
[DEBUG] 11:01:24:758 BROKER/(10428:10437): CREANDO ARCHIVO DUMP EN Broker/DumpCache.bin
[DEBUG] 11:01:34:759 BROKER/(10428:10437): CANTIDAD DE PARTICIONES: 3
[DEBUG] 11:01:34:759 BROKER/(10428:10437): CREANDO ARCHIVO DUMP EN Broker/DumpCache.bin
[DEBUG] 11:01:44:760 BROKER/(10428:10437): CANTIDAD DE PARTICIONES: 3
[DEBUG] 11:01:44:761 BROKER/(10428:10437): CREANDO ARCHIVO DUMP EN Broker/DumpCache.bin
[DEBUG] 11:01:54:764 BROKER/(10428:10437): CANTIDAD DE PARTICIONES: 3
[DEBUG] 11:01:54:764 BROKER/(10428:10437): CREANDO ARCHIVO DUMP EN Broker/DumpCache.bin
[DEBUG] 11:02:04:765 BROKER/(10428:10437): CANTIDAD DE PARTICIONES: 3
[DEBUG] 11:02:04:765 BROKER/(10428:10437): CREANDO ARCHIVO DUMP EN Broker/DumpCache.bin
[INFO] 11:08:18:819 BROKER/(10941:10941): LOG INICIALIZADO CON EXITO
[DEBUG] 11:08:18:820 BROKER/(10941:10950): CANTIDAD DE PARTICIONES: 1
[DEBUG] 11:08:18:825 BROKER/(10941:10950): CREANDO ARCHIVO DUMP EN Broker/DumpCache.bin
[INFO] 11:08:26:170 BROKER/(10941:10943): Cliente conectado!
[INFO] 11:08:26:170 BROKER/(10941:10943): Creando hilo de administracion de conexion con cliente ....
[INFO] 11:08:26:171 BROKER/(10941:10943): Hilo creado correctamente
[INFO] 11:08:26:189 BROKER/(10941:10963): Tipo de mensaje recibido: 2
[TRACE] 11:08:26:189 BROKER/(10941:10963): 
	--LLEGO UN NUEVO MENSAJE A LA COLA DE GET --> DE GAMEBOY
[WARNING] 11:08:26:191 BROKER/(10941:10963): CLIENTE DESCONECTADO
[INFO] 11:08:26:207 BROKER/(10941:10943): Cliente conectado!
[INFO] 11:08:26:207 BROKER/(10941:10943): Creando hilo de administracion de conexion con cliente ....
[INFO] 11:08:26:207 BROKER/(10941:10943): Hilo creado correctamente
[INFO] 11:08:26:221 BROKER/(10941:10966): Tipo de mensaje recibido: 2
[TRACE] 11:08:26:224 BROKER/(10941:10966): 
	--LLEGO UN NUEVO MENSAJE A LA COLA DE GET --> DE GAMEBOY
[WARNING] 11:08:26:226 BROKER/(10941:10966): CLIENTE DESCONECTADO
[DEBUG] 11:08:28:831 BROKER/(10941:10950): CANTIDAD DE PARTICIONES: 3
[DEBUG] 11:08:28:832 BROKER/(10941:10950): CREANDO ARCHIVO DUMP EN Broker/DumpCache.bin
[DEBUG] 11:08:38:832 BROKER/(10941:10950): CANTIDAD DE PARTICIONES: 3
[DEBUG] 11:08:38:832 BROKER/(10941:10950): CREANDO ARCHIVO DUMP EN Broker/DumpCache.bin
[DEBUG] 11:08:48:833 BROKER/(10941:10950): CANTIDAD DE PARTICIONES: 3
[DEBUG] 11:08:48:834 BROKER/(10941:10950): CREANDO ARCHIVO DUMP EN Broker/DumpCache.bin
[INFO] 11:12:52:548 BROKER/(11347:11347): LOG INICIALIZADO CON EXITO
[DEBUG] 11:12:52:568 BROKER/(11347:11356): CANTIDAD DE PARTICIONES: 1
[DEBUG] 11:12:52:570 BROKER/(11347:11356): CREANDO ARCHIVO DUMP EN Broker/DumpCache.bin
[INFO] 11:12:58:375 BROKER/(11347:11349): Cliente conectado!
[INFO] 11:12:58:375 BROKER/(11347:11349): Creando hilo de administracion de conexion con cliente ....
[INFO] 11:12:58:375 BROKER/(11347:11349): Hilo creado correctamente
[INFO] 11:12:58:394 BROKER/(11347:11368): Tipo de mensaje recibido: 2
[TRACE] 11:12:58:395 BROKER/(11347:11368): 
	--LLEGO UN NUEVO MENSAJE A LA COLA DE GET --> DE GAMEBOY
[DEBUG] 11:12:58:395 BROKER/(11347:11368): 
	--GAMEBOY PUBLISH -> El nombre del Pokemón es: Pikachu
[TRACE] 11:12:58:395 BROKER/(11347:11368): TAMANIO tamanioNombrePokemon: 8, uint32: 4
[WARNING] 11:12:58:396 BROKER/(11347:11368): CLIENTE DESCONECTADO
[INFO] 11:12:58:412 BROKER/(11347:11349): Cliente conectado!
[INFO] 11:12:58:412 BROKER/(11347:11349): Creando hilo de administracion de conexion con cliente ....
[INFO] 11:12:58:412 BROKER/(11347:11349): Hilo creado correctamente
[INFO] 11:12:58:424 BROKER/(11347:11371): Tipo de mensaje recibido: 2
[TRACE] 11:12:58:425 BROKER/(11347:11371): 
	--LLEGO UN NUEVO MENSAJE A LA COLA DE GET --> DE GAMEBOY
[DEBUG] 11:12:58:428 BROKER/(11347:11371): 
	--GAMEBOY PUBLISH -> El nombre del Pokemón es: Charmander
[TRACE] 11:12:58:429 BROKER/(11347:11371): TAMANIO tamanioNombrePokemon: 10, uint32: 4
[WARNING] 11:12:58:433 BROKER/(11347:11371): CLIENTE DESCONECTADO
[DEBUG] 11:13:02:579 BROKER/(11347:11356): CANTIDAD DE PARTICIONES: 3
[DEBUG] 11:13:02:579 BROKER/(11347:11356): CREANDO ARCHIVO DUMP EN Broker/DumpCache.bin
[DEBUG] 11:13:12:580 BROKER/(11347:11356): CANTIDAD DE PARTICIONES: 3
[DEBUG] 11:13:12:580 BROKER/(11347:11356): CREANDO ARCHIVO DUMP EN Broker/DumpCache.bin
[DEBUG] 11:13:22:580 BROKER/(11347:11356): CANTIDAD DE PARTICIONES: 3
[DEBUG] 11:13:22:581 BROKER/(11347:11356): CREANDO ARCHIVO DUMP EN Broker/DumpCache.bin
[INFO] 11:14:24:169 BROKER/(11535:11535): LOG INICIALIZADO CON EXITO
[DEBUG] 11:14:24:183 BROKER/(11535:11544): CANTIDAD DE PARTICIONES: 1
[DEBUG] 11:14:24:188 BROKER/(11535:11544): CREANDO ARCHIVO DUMP EN Broker/DumpCache.bin
[INFO] 11:14:27:900 BROKER/(11535:11537): Cliente conectado!
[INFO] 11:14:27:900 BROKER/(11535:11537): Creando hilo de administracion de conexion con cliente ....
[INFO] 11:14:27:900 BROKER/(11535:11537): Hilo creado correctamente
[INFO] 11:14:27:917 BROKER/(11535:11551): Tipo de mensaje recibido: 2
[TRACE] 11:14:27:917 BROKER/(11535:11551): 
	--LLEGO UN NUEVO MENSAJE A LA COLA DE GET --> DE GAMEBOY
[DEBUG] 11:14:27:917 BROKER/(11535:11551): 
	--GAMEBOY PUBLISH -> El nombre del Pokemón es: .Pikachu.
[TRACE] 11:14:27:918 BROKER/(11535:11551): TAMANIO tamanioNombrePokemon: 8, uint32: 4
[WARNING] 11:14:27:919 BROKER/(11535:11551): CLIENTE DESCONECTADO
[INFO] 11:14:27:945 BROKER/(11535:11537): Cliente conectado!
[INFO] 11:14:27:945 BROKER/(11535:11537): Creando hilo de administracion de conexion con cliente ....
[INFO] 11:14:27:945 BROKER/(11535:11537): Hilo creado correctamente
[INFO] 11:14:27:953 BROKER/(11535:11554): Tipo de mensaje recibido: 2
[TRACE] 11:14:27:955 BROKER/(11535:11554): 
	--LLEGO UN NUEVO MENSAJE A LA COLA DE GET --> DE GAMEBOY
[DEBUG] 11:14:27:959 BROKER/(11535:11554): 
	--GAMEBOY PUBLISH -> El nombre del Pokemón es: .Charmander.
[TRACE] 11:14:27:962 BROKER/(11535:11554): TAMANIO tamanioNombrePokemon: 10, uint32: 4
[WARNING] 11:14:27:964 BROKER/(11535:11554): CLIENTE DESCONECTADO
[DEBUG] 11:14:34:191 BROKER/(11535:11544): CANTIDAD DE PARTICIONES: 3
[DEBUG] 11:14:34:192 BROKER/(11535:11544): CREANDO ARCHIVO DUMP EN Broker/DumpCache.bin
[DEBUG] 11:14:44:192 BROKER/(11535:11544): CANTIDAD DE PARTICIONES: 3
[DEBUG] 11:14:44:193 BROKER/(11535:11544): CREANDO ARCHIVO DUMP EN Broker/DumpCache.bin
[INFO] 11:15:14:988 BROKER/(11643:11643): LOG INICIALIZADO CON EXITO
[DEBUG] 11:15:14:989 BROKER/(11643:11652): CANTIDAD DE PARTICIONES: 1
[DEBUG] 11:15:14:990 BROKER/(11643:11652): CREANDO ARCHIVO DUMP EN Broker/DumpCache.bin
[INFO] 11:15:18:352 BROKER/(11643:11645): Cliente conectado!
[INFO] 11:15:18:352 BROKER/(11643:11645): Creando hilo de administracion de conexion con cliente ....
[INFO] 11:15:18:352 BROKER/(11643:11645): Hilo creado correctamente
[INFO] 11:15:18:354 BROKER/(11643:11657): Tipo de mensaje recibido: 2
[TRACE] 11:15:18:356 BROKER/(11643:11657): 
	--LLEGO UN NUEVO MENSAJE A LA COLA DE GET --> DE GAMEBOY
[DEBUG] 11:15:18:356 BROKER/(11643:11657): 
	--GAMEBOY PUBLISH -> El nombre del Pokemón es: .Pikachu...holaa
[TRACE] 11:15:18:356 BROKER/(11643:11657): TAMANIO tamanioNombrePokemon: 8, uint32: 4
[WARNING] 11:15:18:360 BROKER/(11643:11657): CLIENTE DESCONECTADO
[INFO] 11:15:18:384 BROKER/(11643:11645): Cliente conectado!
[INFO] 11:15:18:384 BROKER/(11643:11645): Creando hilo de administracion de conexion con cliente ....
[INFO] 11:15:18:384 BROKER/(11643:11645): Hilo creado correctamente
[INFO] 11:15:18:384 BROKER/(11643:11660): Tipo de mensaje recibido: 2
[TRACE] 11:15:18:385 BROKER/(11643:11660): 
	--LLEGO UN NUEVO MENSAJE A LA COLA DE GET --> DE GAMEBOY
[DEBUG] 11:15:18:385 BROKER/(11643:11660): 
	--GAMEBOY PUBLISH -> El nombre del Pokemón es: .Charmander...holaa
[TRACE] 11:15:18:385 BROKER/(11643:11660): TAMANIO tamanioNombrePokemon: 10, uint32: 4
[WARNING] 11:15:18:387 BROKER/(11643:11660): CLIENTE DESCONECTADO
[DEBUG] 11:15:24:991 BROKER/(11643:11652): CANTIDAD DE PARTICIONES: 3
[DEBUG] 11:15:24:991 BROKER/(11643:11652): CREANDO ARCHIVO DUMP EN Broker/DumpCache.bin
[DEBUG] 11:15:34:992 BROKER/(11643:11652): CANTIDAD DE PARTICIONES: 3
[DEBUG] 11:15:34:992 BROKER/(11643:11652): CREANDO ARCHIVO DUMP EN Broker/DumpCache.bin
[DEBUG] 11:15:44:994 BROKER/(11643:11652): CANTIDAD DE PARTICIONES: 3
[DEBUG] 11:15:44:994 BROKER/(11643:11652): CREANDO ARCHIVO DUMP EN Broker/DumpCache.bin
[INFO] 11:42:39:576 BROKER/(12718:12718): LOG INICIALIZADO CON EXITO
[DEBUG] 11:42:39:594 BROKER/(12718:12727): CANTIDAD DE PARTICIONES: 1
[DEBUG] 11:42:39:594 BROKER/(12718:12727): CREANDO ARCHIVO DUMP EN Broker/DumpCache.bin
[INFO] 11:43:39:17 BROKER/(12840:12840): LOG INICIALIZADO CON EXITO
[DEBUG] 11:43:39:48 BROKER/(12840:12849): CANTIDAD DE PARTICIONES: 1
[DEBUG] 11:43:39:50 BROKER/(12840:12849): CREANDO ARCHIVO DUMP EN Broker/DumpCache.bin
[INFO] 11:43:45:379 BROKER/(12840:12842): Cliente conectado!
[INFO] 11:43:45:379 BROKER/(12840:12842): Creando hilo de administracion de conexion con cliente ....
[INFO] 11:43:45:379 BROKER/(12840:12842): Hilo creado correctamente
[INFO] 11:43:45:385 BROKER/(12840:12854): Tipo de mensaje recibido: 2
[TRACE] 11:43:45:386 BROKER/(12840:12854): 
	--LLEGO UN NUEVO MENSAJE A LA COLA DE GET --> DE GAMEBOY
[DEBUG] 11:43:45:388 BROKER/(12840:12854): 
	--GAMEBOY PUBLISH -> El nombre del Pokemón es: .Pikachu...holaa
[TRACE] 11:43:45:389 BROKER/(12840:12854): TAMANIO tamanioNombrePokemon: 8, uint32: 4
[WARNING] 11:43:45:395 BROKER/(12840:12854): CLIENTE DESCONECTADO
[INFO] 11:43:45:426 BROKER/(12840:12842): Cliente conectado!
[INFO] 11:43:45:426 BROKER/(12840:12842): Creando hilo de administracion de conexion con cliente ....
[INFO] 11:43:45:426 BROKER/(12840:12842): Hilo creado correctamente
[INFO] 11:43:45:435 BROKER/(12840:12857): Tipo de mensaje recibido: 2
[TRACE] 11:43:45:437 BROKER/(12840:12857): 
	--LLEGO UN NUEVO MENSAJE A LA COLA DE GET --> DE GAMEBOY
[DEBUG] 11:43:45:438 BROKER/(12840:12857): 
	--GAMEBOY PUBLISH -> El nombre del Pokemón es: .Charmander...holaa
[TRACE] 11:43:45:438 BROKER/(12840:12857): TAMANIO tamanioNombrePokemon: 10, uint32: 4
[WARNING] 11:43:45:450 BROKER/(12840:12857): CLIENTE DESCONECTADO
[DEBUG] 11:43:49:56 BROKER/(12840:12849): CANTIDAD DE PARTICIONES: 3
[DEBUG] 11:43:49:56 BROKER/(12840:12849): CREANDO ARCHIVO DUMP EN Broker/DumpCache.bin
[DEBUG] 11:43:59:57 BROKER/(12840:12849): CANTIDAD DE PARTICIONES: 3
[DEBUG] 11:43:59:57 BROKER/(12840:12849): CREANDO ARCHIVO DUMP EN Broker/DumpCache.bin
[DEBUG] 11:44:09:57 BROKER/(12840:12849): CANTIDAD DE PARTICIONES: 3
[DEBUG] 11:44:09:58 BROKER/(12840:12849): CREANDO ARCHIVO DUMP EN Broker/DumpCache.bin
[DEBUG] 11:44:19:58 BROKER/(12840:12849): CANTIDAD DE PARTICIONES: 3
[DEBUG] 11:44:19:58 BROKER/(12840:12849): CREANDO ARCHIVO DUMP EN Broker/DumpCache.bin
[DEBUG] 11:44:29:59 BROKER/(12840:12849): CANTIDAD DE PARTICIONES: 3
[DEBUG] 11:44:29:59 BROKER/(12840:12849): CREANDO ARCHIVO DUMP EN Broker/DumpCache.bin
[DEBUG] 11:44:39:59 BROKER/(12840:12849): CANTIDAD DE PARTICIONES: 3
[DEBUG] 11:44:39:60 BROKER/(12840:12849): CREANDO ARCHIVO DUMP EN Broker/DumpCache.bin
[DEBUG] 11:44:49:60 BROKER/(12840:12849): CANTIDAD DE PARTICIONES: 3
[DEBUG] 11:44:49:60 BROKER/(12840:12849): CREANDO ARCHIVO DUMP EN Broker/DumpCache.bin
[INFO] 11:46:45:161 BROKER/(13014:13014): LOG INICIALIZADO CON EXITO
[DEBUG] 11:46:45:162 BROKER/(13014:13023): CANTIDAD DE PARTICIONES: 1
[DEBUG] 11:46:45:163 BROKER/(13014:13023): CREANDO ARCHIVO DUMP EN Broker/DumpCache.bin
[DEBUG] 11:46:55:163 BROKER/(13014:13023): CANTIDAD DE PARTICIONES: 1
[DEBUG] 11:46:55:164 BROKER/(13014:13023): CREANDO ARCHIVO DUMP EN Broker/DumpCache.bin
[DEBUG] 11:47:05:164 BROKER/(13014:13023): CANTIDAD DE PARTICIONES: 1
[DEBUG] 11:47:05:165 BROKER/(13014:13023): CREANDO ARCHIVO DUMP EN Broker/DumpCache.bin
[DEBUG] 11:47:15:166 BROKER/(13014:13023): CANTIDAD DE PARTICIONES: 1
[DEBUG] 11:47:15:166 BROKER/(13014:13023): CREANDO ARCHIVO DUMP EN Broker/DumpCache.bin
[DEBUG] 11:47:25:167 BROKER/(13014:13023): CANTIDAD DE PARTICIONES: 1
[DEBUG] 11:47:25:167 BROKER/(13014:13023): CREANDO ARCHIVO DUMP EN Broker/DumpCache.bin
[INFO] 11:52:16:877 BROKER/(13482:13482): LOG INICIALIZADO CON EXITO
[DEBUG] 11:52:16:886 BROKER/(13482:13491): CANTIDAD DE PARTICIONES: 1
[DEBUG] 11:52:16:886 BROKER/(13482:13491): CREANDO ARCHIVO DUMP EN Broker/DumpCache.bin
[DEBUG] 11:52:26:886 BROKER/(13482:13491): CANTIDAD DE PARTICIONES: 1
[DEBUG] 11:52:26:886 BROKER/(13482:13491): CREANDO ARCHIVO DUMP EN Broker/DumpCache.bin
[DEBUG] 11:52:36:887 BROKER/(13482:13491): CANTIDAD DE PARTICIONES: 1
[DEBUG] 11:52:36:888 BROKER/(13482:13491): CREANDO ARCHIVO DUMP EN Broker/DumpCache.bin
[DEBUG] 11:52:46:888 BROKER/(13482:13491): CANTIDAD DE PARTICIONES: 1
[DEBUG] 11:52:46:889 BROKER/(13482:13491): CREANDO ARCHIVO DUMP EN Broker/DumpCache.bin
[DEBUG] 11:52:56:890 BROKER/(13482:13491): CANTIDAD DE PARTICIONES: 1
[DEBUG] 11:52:56:890 BROKER/(13482:13491): CREANDO ARCHIVO DUMP EN Broker/DumpCache.bin
[INFO] 12:15:12:405 BROKER/(14202:14202): LOG INICIALIZADO CON EXITO
[DEBUG] 12:15:12:415 BROKER/(14202:14211): CANTIDAD DE PARTICIONES: 1
[DEBUG] 12:15:12:419 BROKER/(14202:14211): CREANDO ARCHIVO DUMP EN Broker/DumpCache.bin
[INFO] 12:37:20:630 BROKER/(16149:16149): LOG INICIALIZADO CON EXITO
[DEBUG] 12:37:20:652 BROKER/(16149:16158): CANTIDAD DE PARTICIONES: 1
[DEBUG] 12:37:20:652 BROKER/(16149:16158): CREANDO ARCHIVO DUMP EN Broker/DumpCache.bin
[INFO] 12:37:30:445 BROKER/(16149:16151): Cliente conectado!
[INFO] 12:37:30:445 BROKER/(16149:16151): Creando hilo de administracion de conexion con cliente ....
[INFO] 12:37:30:445 BROKER/(16149:16151): Hilo creado correctamente
[INFO] 12:37:30:448 BROKER/(16149:16174): Tipo de mensaje recibido: 2
[TRACE] 12:37:30:448 BROKER/(16149:16174): 
	--LLEGO UN NUEVO MENSAJE A LA COLA DE GET --> DE GAMEBOY
[DEBUG] 12:37:30:448 BROKER/(16149:16174): 
	--GAMEBOY PUBLISH -> El nombre del Pokemón es: .Pikachu...holaa
[TRACE] 12:37:30:448 BROKER/(16149:16174): TAMANIO tamanioNombrePokemon: 7, uint32: 4
[WARNING] 12:37:30:452 BROKER/(16149:16174): CLIENTE DESCONECTADO
[INFO] 12:37:30:480 BROKER/(16149:16151): Cliente conectado!
[INFO] 12:37:30:480 BROKER/(16149:16151): Creando hilo de administracion de conexion con cliente ....
[INFO] 12:37:30:480 BROKER/(16149:16151): Hilo creado correctamente
[INFO] 12:37:30:488 BROKER/(16149:16177): Tipo de mensaje recibido: 2
[TRACE] 12:37:30:488 BROKER/(16149:16177): 
	--LLEGO UN NUEVO MENSAJE A LA COLA DE GET --> DE GAMEBOY
[DEBUG] 12:37:30:488 BROKER/(16149:16177): 
	--GAMEBOY PUBLISH -> El nombre del Pokemón es: .Charmander...holaa
[TRACE] 12:37:30:492 BROKER/(16149:16177): TAMANIO tamanioNombrePokemon: 10, uint32: 4
[WARNING] 12:37:30:495 BROKER/(16149:16177): CLIENTE DESCONECTADO
[DEBUG] 12:37:30:653 BROKER/(16149:16158): CANTIDAD DE PARTICIONES: 3
[DEBUG] 12:37:30:653 BROKER/(16149:16158): CREANDO ARCHIVO DUMP EN Broker/DumpCache.bin
[DEBUG] 12:37:40:653 BROKER/(16149:16158): CANTIDAD DE PARTICIONES: 3
[DEBUG] 12:37:40:654 BROKER/(16149:16158): CREANDO ARCHIVO DUMP EN Broker/DumpCache.bin
[DEBUG] 12:37:50:655 BROKER/(16149:16158): CANTIDAD DE PARTICIONES: 3
[DEBUG] 12:37:50:655 BROKER/(16149:16158): CREANDO ARCHIVO DUMP EN Broker/DumpCache.bin
[DEBUG] 12:38:00:658 BROKER/(16149:16158): CANTIDAD DE PARTICIONES: 3
[DEBUG] 12:38:00:659 BROKER/(16149:16158): CREANDO ARCHIVO DUMP EN Broker/DumpCache.bin
[DEBUG] 12:38:10:662 BROKER/(16149:16158): CANTIDAD DE PARTICIONES: 3
[DEBUG] 12:38:10:662 BROKER/(16149:16158): CREANDO ARCHIVO DUMP EN Broker/DumpCache.bin
[DEBUG] 12:38:20:664 BROKER/(16149:16158): CANTIDAD DE PARTICIONES: 3
[DEBUG] 12:38:20:664 BROKER/(16149:16158): CREANDO ARCHIVO DUMP EN Broker/DumpCache.bin
[DEBUG] 12:38:30:668 BROKER/(16149:16158): CANTIDAD DE PARTICIONES: 3
[DEBUG] 12:38:30:668 BROKER/(16149:16158): CREANDO ARCHIVO DUMP EN Broker/DumpCache.bin
[DEBUG] 12:38:40:668 BROKER/(16149:16158): CANTIDAD DE PARTICIONES: 3
[DEBUG] 12:38:40:669 BROKER/(16149:16158): CREANDO ARCHIVO DUMP EN Broker/DumpCache.bin
[INFO] 12:43:46:678 BROKER/(16567:16567): LOG INICIALIZADO CON EXITO
[DEBUG] 12:43:46:692 BROKER/(16567:16576): CANTIDAD DE PARTICIONES: 1
[DEBUG] 12:43:46:693 BROKER/(16567:16576): CREANDO ARCHIVO DUMP EN Broker/DumpCache.bin
[DEBUG] 12:43:56:697 BROKER/(16567:16576): CANTIDAD DE PARTICIONES: 1
[DEBUG] 12:43:56:697 BROKER/(16567:16576): CREANDO ARCHIVO DUMP EN Broker/DumpCache.bin
[INFO] 12:43:57:521 BROKER/(16567:16569): Cliente conectado!
[INFO] 12:43:57:521 BROKER/(16567:16569): Creando hilo de administracion de conexion con cliente ....
[INFO] 12:43:57:521 BROKER/(16567:16569): Hilo creado correctamente
[INFO] 12:43:57:538 BROKER/(16567:16585): Tipo de mensaje recibido: 2
[TRACE] 12:43:57:540 BROKER/(16567:16585): 
	--LLEGO UN NUEVO MENSAJE A LA COLA DE GET --> DE GAMEBOY
[WARNING] 12:43:57:542 BROKER/(16567:16585): CLIENTE DESCONECTADO
[INFO] 12:43:57:568 BROKER/(16567:16569): Cliente conectado!
[INFO] 12:43:57:568 BROKER/(16567:16569): Creando hilo de administracion de conexion con cliente ....
[INFO] 12:43:57:568 BROKER/(16567:16569): Hilo creado correctamente
[INFO] 12:43:57:589 BROKER/(16567:16588): Tipo de mensaje recibido: 2
[TRACE] 12:43:57:589 BROKER/(16567:16588): 
	--LLEGO UN NUEVO MENSAJE A LA COLA DE GET --> DE GAMEBOY
[WARNING] 12:43:57:606 BROKER/(16567:16588): CLIENTE DESCONECTADO
[DEBUG] 12:44:06:700 BROKER/(16567:16576): CANTIDAD DE PARTICIONES: 3
[DEBUG] 12:44:06:700 BROKER/(16567:16576): CREANDO ARCHIVO DUMP EN Broker/DumpCache.bin
[DEBUG] 12:44:16:703 BROKER/(16567:16576): CANTIDAD DE PARTICIONES: 3
[DEBUG] 12:44:16:703 BROKER/(16567:16576): CREANDO ARCHIVO DUMP EN Broker/DumpCache.bin
[DEBUG] 12:44:26:703 BROKER/(16567:16576): CANTIDAD DE PARTICIONES: 3
[DEBUG] 12:44:26:704 BROKER/(16567:16576): CREANDO ARCHIVO DUMP EN Broker/DumpCache.bin
[DEBUG] 12:44:36:706 BROKER/(16567:16576): CANTIDAD DE PARTICIONES: 3
[DEBUG] 12:44:36:707 BROKER/(16567:16576): CREANDO ARCHIVO DUMP EN Broker/DumpCache.bin
[DEBUG] 12:44:46:707 BROKER/(16567:16576): CANTIDAD DE PARTICIONES: 3
[DEBUG] 12:44:46:708 BROKER/(16567:16576): CREANDO ARCHIVO DUMP EN Broker/DumpCache.bin
[DEBUG] 12:44:56:712 BROKER/(16567:16576): CANTIDAD DE PARTICIONES: 3
[DEBUG] 12:44:56:713 BROKER/(16567:16576): CREANDO ARCHIVO DUMP EN Broker/DumpCache.bin
[DEBUG] 12:45:06:717 BROKER/(16567:16576): CANTIDAD DE PARTICIONES: 3
[DEBUG] 12:45:06:717 BROKER/(16567:16576): CREANDO ARCHIVO DUMP EN Broker/DumpCache.bin
[DEBUG] 12:45:16:717 BROKER/(16567:16576): CANTIDAD DE PARTICIONES: 3
[DEBUG] 12:45:16:718 BROKER/(16567:16576): CREANDO ARCHIVO DUMP EN Broker/DumpCache.bin
[DEBUG] 12:45:26:721 BROKER/(16567:16576): CANTIDAD DE PARTICIONES: 3
[DEBUG] 12:45:26:721 BROKER/(16567:16576): CREANDO ARCHIVO DUMP EN Broker/DumpCache.bin
[DEBUG] 12:45:36:721 BROKER/(16567:16576): CANTIDAD DE PARTICIONES: 3
[DEBUG] 12:45:36:721 BROKER/(16567:16576): CREANDO ARCHIVO DUMP EN Broker/DumpCache.bin
[DEBUG] 12:45:46:722 BROKER/(16567:16576): CANTIDAD DE PARTICIONES: 3
[DEBUG] 12:45:46:722 BROKER/(16567:16576): CREANDO ARCHIVO DUMP EN Broker/DumpCache.bin
[INFO] 12:45:52:980 BROKER/(16567:16569): Cliente conectado!
[INFO] 12:45:52:980 BROKER/(16567:16569): Creando hilo de administracion de conexion con cliente ....
[INFO] 12:45:52:980 BROKER/(16567:16569): Hilo creado correctamente
[INFO] 12:45:52:992 BROKER/(16567:16659): Tipo de mensaje recibido: 3
[TRACE] 12:45:52:993 BROKER/(16567:16659): 
	--LLEGO UN NUEVO MENSAJE A LA COLA DE CATCH --> DE GAMEBOY
[WARNING] 12:45:52:996 BROKER/(16567:16659): CLIENTE DESCONECTADO
[INFO] 12:45:53:30 BROKER/(16567:16569): Cliente conectado!
[INFO] 12:45:53:30 BROKER/(16567:16569): Creando hilo de administracion de conexion con cliente ....
[INFO] 12:45:53:31 BROKER/(16567:16569): Hilo creado correctamente
[INFO] 12:45:53:38 BROKER/(16567:16662): Tipo de mensaje recibido: 3
[TRACE] 12:45:53:39 BROKER/(16567:16662): 
	--LLEGO UN NUEVO MENSAJE A LA COLA DE CATCH --> DE GAMEBOY
[WARNING] 12:45:53:41 BROKER/(16567:16662): CLIENTE DESCONECTADO
[INFO] 12:45:53:96 BROKER/(16567:16569): Cliente conectado!
[INFO] 12:45:53:96 BROKER/(16567:16569): Creando hilo de administracion de conexion con cliente ....
[INFO] 12:45:53:97 BROKER/(16567:16569): Hilo creado correctamente
[INFO] 12:45:53:101 BROKER/(16567:16667): Tipo de mensaje recibido: 3
[TRACE] 12:45:53:101 BROKER/(16567:16667): 
	--LLEGO UN NUEVO MENSAJE A LA COLA DE CATCH --> DE GAMEBOY
[WARNING] 12:45:53:113 BROKER/(16567:16667): CLIENTE DESCONECTADO
[INFO] 12:45:53:135 BROKER/(16567:16569): Cliente conectado!
[INFO] 12:45:53:135 BROKER/(16567:16569): Creando hilo de administracion de conexion con cliente ....
[INFO] 12:45:53:135 BROKER/(16567:16569): Hilo creado correctamente
[INFO] 12:45:53:148 BROKER/(16567:16670): Tipo de mensaje recibido: 3
[TRACE] 12:45:53:148 BROKER/(16567:16670): 
	--LLEGO UN NUEVO MENSAJE A LA COLA DE CATCH --> DE GAMEBOY
[WARNING] 12:45:53:156 BROKER/(16567:16670): CLIENTE DESCONECTADO
[INFO] 12:45:53:177 BROKER/(16567:16569): Cliente conectado!
[INFO] 12:45:53:177 BROKER/(16567:16569): Creando hilo de administracion de conexion con cliente ....
[INFO] 12:45:53:177 BROKER/(16567:16569): Hilo creado correctamente
[INFO] 12:45:53:188 BROKER/(16567:16673): Tipo de mensaje recibido: 2
[TRACE] 12:45:53:192 BROKER/(16567:16673): 
	--LLEGO UN NUEVO MENSAJE A LA COLA DE GET --> DE GAMEBOY
[WARNING] 12:45:53:198 BROKER/(16567:16673): CLIENTE DESCONECTADO
[INFO] 12:45:53:215 BROKER/(16567:16569): Cliente conectado!
[INFO] 12:45:53:215 BROKER/(16567:16569): Creando hilo de administracion de conexion con cliente ....
[INFO] 12:45:53:215 BROKER/(16567:16569): Hilo creado correctamente
[INFO] 12:45:53:220 BROKER/(16567:16676): Tipo de mensaje recibido: 2
[TRACE] 12:45:53:221 BROKER/(16567:16676): 
	--LLEGO UN NUEVO MENSAJE A LA COLA DE GET --> DE GAMEBOY
[WARNING] 12:45:53:243 BROKER/(16567:16676): CLIENTE DESCONECTADO
[DEBUG] 12:45:56:722 BROKER/(16567:16576): CANTIDAD DE PARTICIONES: 9
[DEBUG] 12:45:56:722 BROKER/(16567:16576): CREANDO ARCHIVO DUMP EN Broker/DumpCache.bin
[DEBUG] 12:46:06:723 BROKER/(16567:16576): CANTIDAD DE PARTICIONES: 9
[DEBUG] 12:46:06:723 BROKER/(16567:16576): CREANDO ARCHIVO DUMP EN Broker/DumpCache.bin
[DEBUG] 12:46:16:724 BROKER/(16567:16576): CANTIDAD DE PARTICIONES: 9
[DEBUG] 12:46:16:725 BROKER/(16567:16576): CREANDO ARCHIVO DUMP EN Broker/DumpCache.bin
[DEBUG] 12:46:26:728 BROKER/(16567:16576): CANTIDAD DE PARTICIONES: 9
[DEBUG] 12:46:26:729 BROKER/(16567:16576): CREANDO ARCHIVO DUMP EN Broker/DumpCache.bin
[DEBUG] 12:46:36:732 BROKER/(16567:16576): CANTIDAD DE PARTICIONES: 9
[DEBUG] 12:46:36:732 BROKER/(16567:16576): CREANDO ARCHIVO DUMP EN Broker/DumpCache.bin
[DEBUG] 12:46:46:733 BROKER/(16567:16576): CANTIDAD DE PARTICIONES: 9
[DEBUG] 12:46:46:733 BROKER/(16567:16576): CREANDO ARCHIVO DUMP EN Broker/DumpCache.bin
[DEBUG] 12:46:56:736 BROKER/(16567:16576): CANTIDAD DE PARTICIONES: 9
[DEBUG] 12:46:56:736 BROKER/(16567:16576): CREANDO ARCHIVO DUMP EN Broker/DumpCache.bin
[DEBUG] 12:47:06:737 BROKER/(16567:16576): CANTIDAD DE PARTICIONES: 9
[DEBUG] 12:47:06:738 BROKER/(16567:16576): CREANDO ARCHIVO DUMP EN Broker/DumpCache.bin
[DEBUG] 12:47:16:744 BROKER/(16567:16576): CANTIDAD DE PARTICIONES: 9
[DEBUG] 12:47:16:745 BROKER/(16567:16576): CREANDO ARCHIVO DUMP EN Broker/DumpCache.bin
[DEBUG] 12:47:26:749 BROKER/(16567:16576): CANTIDAD DE PARTICIONES: 9
[DEBUG] 12:47:26:750 BROKER/(16567:16576): CREANDO ARCHIVO DUMP EN Broker/DumpCache.bin
[DEBUG] 12:47:36:752 BROKER/(16567:16576): CANTIDAD DE PARTICIONES: 9
[DEBUG] 12:47:36:753 BROKER/(16567:16576): CREANDO ARCHIVO DUMP EN Broker/DumpCache.bin
[DEBUG] 12:47:46:757 BROKER/(16567:16576): CANTIDAD DE PARTICIONES: 9
[DEBUG] 12:47:46:757 BROKER/(16567:16576): CREANDO ARCHIVO DUMP EN Broker/DumpCache.bin
[DEBUG] 12:47:56:761 BROKER/(16567:16576): CANTIDAD DE PARTICIONES: 9
[DEBUG] 12:47:56:761 BROKER/(16567:16576): CREANDO ARCHIVO DUMP EN Broker/DumpCache.bin
[DEBUG] 12:48:06:761 BROKER/(16567:16576): CANTIDAD DE PARTICIONES: 9
[DEBUG] 12:48:06:762 BROKER/(16567:16576): CREANDO ARCHIVO DUMP EN Broker/DumpCache.bin
