[INFO] 20:11:22:233 GAME BOY/(18286:18286): LOG INICIALIZADO CON EXITO
[INFO] 20:11:22:242 GAME BOY/(18286:18286): - CONEXION EXITOSA
[TRACE] 20:11:22:257 GAME BOY/(18286:18286): - Conectado a Broker a través del socket 4
[INFO] 20:11:22:276 GAME BOY/(18286:18286): - SE HAN ENVIADO 27 BYTES CON EXITO
[INFO] 20:11:22:279 GAME BOY/(18286:18286): Pedido de locación de pokemón realizado con éxito
[INFO] 20:11:48:675 GAME BOY/(18296:18296): LOG INICIALIZADO CON EXITO
[INFO] 20:11:48:684 GAME BOY/(18296:18296): - CONEXION EXITOSA
[TRACE] 20:11:48:686 GAME BOY/(18296:18296): - Conectado a Broker a través del socket 4
[INFO] 20:11:48:686 GAME BOY/(18296:18296): - SE HAN ENVIADO 27 BYTES CON EXITO
[INFO] 20:11:48:705 GAME BOY/(18296:18296): Pedido de locación de pokemón realizado con éxito
[INFO] 20:12:02:651 GAME BOY/(18303:18303): LOG INICIALIZADO CON EXITO
[INFO] 20:12:02:651 GAME BOY/(18303:18303): - CONEXION EXITOSA
[TRACE] 20:12:02:651 GAME BOY/(18303:18303): - Conectado a Broker a través del socket 4
[INFO] 20:12:02:652 GAME BOY/(18303:18303): - SE HAN ENVIADO 27 BYTES CON EXITO
[INFO] 20:12:02:687 GAME BOY/(18303:18303): Pedido de locación de pokemón realizado con éxito
[INFO] 20:12:26:970 GAME BOY/(18311:18311): LOG INICIALIZADO CON EXITO
[INFO] 20:12:26:990 GAME BOY/(18311:18311): - CONEXION EXITOSA
[TRACE] 20:12:26:992 GAME BOY/(18311:18311): - Conectado a Broker a través del socket 4
[INFO] 20:12:26:995 GAME BOY/(18311:18311): - SE HAN ENVIADO 41 BYTES CON EXITO
[INFO] 20:12:27:15 GAME BOY/(18311:18311): Pedido de suscripción realizado con éxito
[INFO] 01:15:38:270 GAME BOY/(19445:19445): LOG INICIALIZADO CON EXITO
[INFO] 01:15:38:279 GAME BOY/(19445:19445): - CONEXION EXITOSA
[TRACE] 01:15:38:283 GAME BOY/(19445:19445): - Conectado a Broker a través del socket 4
[INFO] 01:15:38:284 GAME BOY/(19445:19445): - SE HAN ENVIADO 37 BYTES CON EXITO
[INFO] 01:15:38:302 GAME BOY/(19445:19445): Pókemon creado con éxito
[INFO] 01:16:00:768 GAME BOY/(19448:19448): LOG INICIALIZADO CON EXITO
[INFO] 01:16:00:776 GAME BOY/(19448:19448): - CONEXION EXITOSA
[TRACE] 01:16:00:777 GAME BOY/(19448:19448): - Conectado a Broker a través del socket 4
[INFO] 01:16:00:779 GAME BOY/(19448:19448): - SE HAN ENVIADO 41 BYTES CON EXITO
[INFO] 01:16:00:787 GAME BOY/(19448:19448): Pedido de suscripción realizado con éxito
[INFO] 01:59:29:239 GAME BOY/(20387:20387): LOG INICIALIZADO CON EXITO
[INFO] 01:59:29:241 GAME BOY/(20387:20387): - CONEXION EXITOSA
[TRACE] 01:59:29:241 GAME BOY/(20387:20387): - Conectado a Broker a través del socket 4
[INFO] 01:59:29:241 GAME BOY/(20387:20387): - SE HAN ENVIADO 37 BYTES CON EXITO
[INFO] 01:59:29:242 GAME BOY/(20387:20387): Pókemon creado con éxito
[INFO] 01:59:38:227 GAME BOY/(20390:20390): LOG INICIALIZADO CON EXITO
[INFO] 01:59:38:229 GAME BOY/(20390:20390): - CONEXION EXITOSA
[TRACE] 01:59:38:229 GAME BOY/(20390:20390): - Conectado a Broker a través del socket 4
[INFO] 01:59:38:229 GAME BOY/(20390:20390): - SE HAN ENVIADO 41 BYTES CON EXITO
[INFO] 01:59:38:238 GAME BOY/(20390:20390): Pedido de suscripción realizado con éxito
[INFO] 01:59:38:260 GAME BOY/(20390:20393): Cliente conectado!
[INFO] 01:59:38:261 GAME BOY/(20390:20393): Creando hilo de administracion de conexion con cliente ....
[INFO] 01:59:38:261 GAME BOY/(20390:20393): Hilo creado correctamente
[INFO] 01:59:38:267 GAME BOY/(20390:20394): Tipo de mensaje recibido: 6
[INFO] 01:59:38:268 GAME BOY/(20390:20394): Se recibió un 'APPEARED_POKEMON' del Broker: 

[INFO] 01:59:38:274 GAME BOY/(20390:20394): El ID del mensaje es: 3.
[INFO] 01:59:38:274 GAME BOY/(20390:20394): El ID correlacional del mensaje es: 2.
[INFO] 01:59:38:274 GAME BOY/(20390:20394): El nombre del pokemón es: NONOs.
[INFO] 01:59:38:274 GAME BOY/(20390:20394): La posicion del pokémon en el mapa es: [5,0].
[INFO] 01:59:38:274 GAME BOY/(20390:20394): Se le avisará al Broker que se recibió correctamente el APPEARED_POKEMON
[INFO] 02:01:38:175 GAME BOY/(20401:20401): LOG INICIALIZADO CON EXITO
[INFO] 02:01:38:179 GAME BOY/(20401:20401): - CONEXION EXITOSA
[TRACE] 02:01:38:181 GAME BOY/(20401:20401): - Conectado a Broker a través del socket 4
[INFO] 02:01:38:182 GAME BOY/(20401:20401): - SE HAN ENVIADO 41 BYTES CON EXITO
[INFO] 02:01:38:190 GAME BOY/(20401:20401): Pedido de suscripción realizado con éxito
[INFO] 02:02:12:511 GAME BOY/(20405:20405): LOG INICIALIZADO CON EXITO
[INFO] 02:02:12:513 GAME BOY/(20405:20405): - CONEXION EXITOSA
[TRACE] 02:02:12:513 GAME BOY/(20405:20405): - Conectado a Broker a través del socket 4
[INFO] 02:02:12:513 GAME BOY/(20405:20405): - SE HAN ENVIADO 41 BYTES CON EXITO
[INFO] 02:02:12:553 GAME BOY/(20405:20405): Pedido de suscripción realizado con éxito
[INFO] 02:03:20:99 GAME BOY/(20412:20412): LOG INICIALIZADO CON EXITO
[INFO] 02:03:20:100 GAME BOY/(20412:20412): - CONEXION EXITOSA
[TRACE] 02:03:20:100 GAME BOY/(20412:20412): - Conectado a Broker a través del socket 4
[INFO] 02:03:20:100 GAME BOY/(20412:20412): - SE HAN ENVIADO 37 BYTES CON EXITO
[INFO] 02:03:20:108 GAME BOY/(20412:20412): Pókemon creado con éxito
[INFO] 02:03:25:731 GAME BOY/(20415:20415): LOG INICIALIZADO CON EXITO
[ERROR] 02:03:25:732 GAME BOY/(20415:20415): - FALLO AL CONECTAR AL SERVIDOR
[ERROR] 02:03:25:732 GAME BOY/(20415:20415): No se conectó correctamente al Broker. fallo en funcion conectarseA();
[INFO] 02:03:25:732 GAME BOY/(20415:20415): - SE HAN ENVIADO -1 BYTES CON EXITO
[ERROR] 02:03:25:732 GAME BOY/(20415:20415): Hubo un error al recibir el resultado de la operación desde el Broker
[INFO] 02:03:42:966 GAME BOY/(20420:20420): LOG INICIALIZADO CON EXITO
[ERROR] 02:03:42:966 GAME BOY/(20420:20420): - FALLO AL CONECTAR AL SERVIDOR
[ERROR] 02:03:42:966 GAME BOY/(20420:20420): No se conectó correctamente al Broker. fallo en funcion conectarseA();
[INFO] 02:03:42:966 GAME BOY/(20420:20420): - SE HAN ENVIADO -1 BYTES CON EXITO
[ERROR] 02:03:42:966 GAME BOY/(20420:20420): Hubo un error al recibir el resultado de la operación desde el Broker
[INFO] 02:05:20:495 GAME BOY/(20542:20542): LOG INICIALIZADO CON EXITO
[INFO] 02:05:20:497 GAME BOY/(20542:20542): - CONEXION EXITOSA
[TRACE] 02:05:20:499 GAME BOY/(20542:20542): - Conectado a Broker a través del socket 4
[INFO] 02:05:20:501 GAME BOY/(20542:20542): - SE HAN ENVIADO 37 BYTES CON EXITO
[INFO] 02:05:20:507 GAME BOY/(20542:20542): Pókemon creado con éxito
[INFO] 02:05:25:72 GAME BOY/(20545:20545): LOG INICIALIZADO CON EXITO
[INFO] 02:05:25:75 GAME BOY/(20545:20545): - CONEXION EXITOSA
[TRACE] 02:05:25:79 GAME BOY/(20545:20545): - Conectado a Broker a través del socket 4
[INFO] 02:05:25:83 GAME BOY/(20545:20545): - SE HAN ENVIADO 37 BYTES CON EXITO
[INFO] 02:05:25:101 GAME BOY/(20545:20545): Pókemon creado con éxito
[INFO] 02:05:27:188 GAME BOY/(20548:20548): LOG INICIALIZADO CON EXITO
[INFO] 02:05:27:189 GAME BOY/(20548:20548): - CONEXION EXITOSA
[TRACE] 02:05:27:189 GAME BOY/(20548:20548): - Conectado a Broker a través del socket 4
[INFO] 02:05:27:190 GAME BOY/(20548:20548): - SE HAN ENVIADO 37 BYTES CON EXITO
[INFO] 02:05:27:190 GAME BOY/(20548:20548): Pókemon creado con éxito
[INFO] 02:05:32:256 GAME BOY/(20553:20553): LOG INICIALIZADO CON EXITO
[INFO] 02:05:32:259 GAME BOY/(20553:20553): - CONEXION EXITOSA
[TRACE] 02:05:32:261 GAME BOY/(20553:20553): - Conectado a Broker a través del socket 4
[INFO] 02:05:32:263 GAME BOY/(20553:20553): - SE HAN ENVIADO 41 BYTES CON EXITO
[INFO] 02:05:32:274 GAME BOY/(20553:20553): Pedido de suscripción realizado con éxito
[INFO] 02:05:32:282 GAME BOY/(20553:20556): Cliente conectado!
[INFO] 02:05:32:282 GAME BOY/(20553:20556): Creando hilo de administracion de conexion con cliente ....
[INFO] 02:05:32:282 GAME BOY/(20553:20556): Hilo creado correctamente
[INFO] 02:05:32:309 GAME BOY/(20553:20557): Tipo de mensaje recibido: 6
[INFO] 02:05:32:309 GAME BOY/(20553:20557): Se recibió un 'APPEARED_POKEMON' del Broker: 

[INFO] 02:05:32:309 GAME BOY/(20553:20557): El ID del mensaje es: 9.
[INFO] 02:05:32:309 GAME BOY/(20553:20557): El ID correlacional del mensaje es: 8.
[INFO] 02:05:32:310 GAME BOY/(20553:20557): El nombre del pokemón es: NONOs.
[INFO] 02:05:32:310 GAME BOY/(20553:20557): La posicion del pokémon en el mapa es: [5,0].
[INFO] 02:05:32:310 GAME BOY/(20553:20557): Se le avisará al Broker que se recibió correctamente el APPEARED_POKEMON
[INFO] 02:05:32:351 GAME BOY/(20553:20557): Tipo de mensaje recibido: 6
[INFO] 02:05:32:351 GAME BOY/(20553:20557): Se recibió un 'APPEARED_POKEMON' del Broker: 

[INFO] 02:05:32:351 GAME BOY/(20553:20557): El ID del mensaje es: 3.
[INFO] 02:05:32:351 GAME BOY/(20553:20557): El ID correlacional del mensaje es: 2.
[INFO] 02:05:32:351 GAME BOY/(20553:20557): El nombre del pokemón es: NONOs.
[INFO] 02:05:32:351 GAME BOY/(20553:20557): La posicion del pokémon en el mapa es: [5,0].
[INFO] 02:05:32:351 GAME BOY/(20553:20557): Se le avisará al Broker que se recibió correctamente el APPEARED_POKEMON
[INFO] 02:05:32:391 GAME BOY/(20553:20557): Tipo de mensaje recibido: 6
[INFO] 02:05:32:391 GAME BOY/(20553:20557): Se recibió un 'APPEARED_POKEMON' del Broker: 

[INFO] 02:05:32:391 GAME BOY/(20553:20557): El ID del mensaje es: 6.
[INFO] 02:05:32:391 GAME BOY/(20553:20557): El ID correlacional del mensaje es: 5.
[INFO] 02:05:32:391 GAME BOY/(20553:20557): El nombre del pokemón es: NONOs.
[INFO] 02:05:32:391 GAME BOY/(20553:20557): La posicion del pokémon en el mapa es: [5,0].
[INFO] 02:05:32:391 GAME BOY/(20553:20557): Se le avisará al Broker que se recibió correctamente el APPEARED_POKEMON
[INFO] 02:05:45:966 GAME BOY/(20559:20559): LOG INICIALIZADO CON EXITO
[INFO] 02:05:45:971 GAME BOY/(20559:20559): - CONEXION EXITOSA
[TRACE] 02:05:45:973 GAME BOY/(20559:20559): - Conectado a Broker a través del socket 4
[INFO] 02:05:45:974 GAME BOY/(20559:20559): - SE HAN ENVIADO 41 BYTES CON EXITO
[INFO] 02:05:45:998 GAME BOY/(20559:20559): Pedido de suscripción realizado con éxito
[INFO] 02:06:06:874 GAME BOY/(20563:20563): LOG INICIALIZADO CON EXITO
[INFO] 02:06:06:875 GAME BOY/(20563:20563): - CONEXION EXITOSA
[TRACE] 02:06:06:876 GAME BOY/(20563:20563): - Conectado a Broker a través del socket 4
[INFO] 02:06:06:876 GAME BOY/(20563:20563): - SE HAN ENVIADO 41 BYTES CON EXITO
[INFO] 02:06:06:876 GAME BOY/(20563:20563): Pedido de suscripción realizado con éxito
[INFO] 02:06:13:194 GAME BOY/(20567:20567): LOG INICIALIZADO CON EXITO
[INFO] 02:06:13:195 GAME BOY/(20567:20567): - CONEXION EXITOSA
[TRACE] 02:06:13:195 GAME BOY/(20567:20567): - Conectado a Broker a través del socket 4
[INFO] 02:06:13:195 GAME BOY/(20567:20567): - SE HAN ENVIADO 41 BYTES CON EXITO
[INFO] 02:06:13:195 GAME BOY/(20567:20567): Pedido de suscripción realizado con éxito
[INFO] 02:06:15:835 GAME BOY/(20571:20571): LOG INICIALIZADO CON EXITO
[INFO] 02:06:15:843 GAME BOY/(20571:20571): - CONEXION EXITOSA
[TRACE] 02:06:15:847 GAME BOY/(20571:20571): - Conectado a Broker a través del socket 4
[INFO] 02:06:15:849 GAME BOY/(20571:20571): - SE HAN ENVIADO 41 BYTES CON EXITO
[INFO] 02:06:15:863 GAME BOY/(20571:20571): Pedido de suscripción realizado con éxito
[INFO] 02:06:19:92 GAME BOY/(20575:20575): LOG INICIALIZADO CON EXITO
[INFO] 02:06:19:92 GAME BOY/(20575:20575): - CONEXION EXITOSA
[TRACE] 02:06:19:94 GAME BOY/(20575:20575): - Conectado a Broker a través del socket 4
[INFO] 02:06:19:96 GAME BOY/(20575:20575): - SE HAN ENVIADO 41 BYTES CON EXITO
[INFO] 02:06:19:133 GAME BOY/(20575:20575): Pedido de suscripción realizado con éxito
[INFO] 02:06:30:646 GAME BOY/(20582:20582): LOG INICIALIZADO CON EXITO
[INFO] 02:06:30:647 GAME BOY/(20582:20582): - CONEXION EXITOSA
[TRACE] 02:06:30:647 GAME BOY/(20582:20582): - Conectado a Broker a través del socket 4
[INFO] 02:06:30:647 GAME BOY/(20582:20582): - SE HAN ENVIADO 41 BYTES CON EXITO
[INFO] 02:06:30:655 GAME BOY/(20582:20582): Pedido de suscripción realizado con éxito
[INFO] 02:06:33:655 GAME BOY/(20586:20586): LOG INICIALIZADO CON EXITO
[INFO] 02:06:33:656 GAME BOY/(20586:20586): - CONEXION EXITOSA
[TRACE] 02:06:33:656 GAME BOY/(20586:20586): - Conectado a Broker a través del socket 4
[INFO] 02:06:33:656 GAME BOY/(20586:20586): - SE HAN ENVIADO 37 BYTES CON EXITO
[INFO] 02:06:33:668 GAME BOY/(20586:20586): Pókemon creado con éxito
[INFO] 02:06:38:520 GAME BOY/(20590:20590): LOG INICIALIZADO CON EXITO
[ERROR] 02:06:38:520 GAME BOY/(20590:20590): - FALLO AL CONECTAR AL SERVIDOR
[ERROR] 02:06:38:520 GAME BOY/(20590:20590): No se conectó correctamente al Broker. fallo en funcion conectarseA();
[INFO] 02:06:38:520 GAME BOY/(20590:20590): - SE HAN ENVIADO -1 BYTES CON EXITO
[ERROR] 02:06:38:520 GAME BOY/(20590:20590): Hubo un error al recibir el resultado de la operación desde el Broker
[INFO] 02:20:38:159 GAME BOY/(20813:20813): LOG INICIALIZADO CON EXITO
[INFO] 02:20:38:163 GAME BOY/(20813:20813): - CONEXION EXITOSA
[TRACE] 02:20:38:165 GAME BOY/(20813:20813): - Conectado a Broker a través del socket 4
[INFO] 02:20:38:167 GAME BOY/(20813:20813): - SE HAN ENVIADO 37 BYTES CON EXITO
[INFO] 02:24:44:90 GAME BOY/(20980:20980): LOG INICIALIZADO CON EXITO
[INFO] 02:24:44:93 GAME BOY/(20980:20980): - CONEXION EXITOSA
[TRACE] 02:24:44:95 GAME BOY/(20980:20980): - Conectado a Broker a través del socket 4
[INFO] 02:24:44:96 GAME BOY/(20980:20980): Etoy aquiiiii
[INFO] 02:24:44:97 GAME BOY/(20980:20980): - SE HAN ENVIADO 37 BYTES CON EXITO
[INFO] 02:24:44:109 GAME BOY/(20980:20980): Pókemon creado con éxito
[INFO] 02:59:08:801 GAME BOY/(21378:21378): LOG INICIALIZADO CON EXITO
[INFO] 02:59:08:807 GAME BOY/(21378:21378): - CONEXION EXITOSA
[TRACE] 02:59:08:811 GAME BOY/(21378:21378): - Conectado a Broker a través del socket 4
[INFO] 02:59:08:812 GAME BOY/(21378:21378): Etoy aquiiiii
[INFO] 02:59:08:820 GAME BOY/(21378:21378): - SE HAN ENVIADO 37 BYTES CON EXITO
[INFO] 02:59:08:830 GAME BOY/(21378:21378): Pókemon creado con éxito
[INFO] 03:02:14:544 GAME BOY/(21402:21402): LOG INICIALIZADO CON EXITO
[INFO] 03:02:14:547 GAME BOY/(21402:21402): - CONEXION EXITOSA
[TRACE] 03:02:14:547 GAME BOY/(21402:21402): - Conectado a Broker a través del socket 4
[INFO] 03:02:14:547 GAME BOY/(21402:21402): - SE HAN ENVIADO 27 BYTES CON EXITO
[INFO] 03:02:14:561 GAME BOY/(21402:21402): Pedido de locación de pokemón realizado con éxito
[INFO] 20:24:56:892 GAME BOY/(5482:5482): LOG INICIALIZADO CON EXITO
[INFO] 20:24:56:893 GAME BOY/(5482:5482): - CONEXION EXITOSA
[TRACE] 20:24:56:893 GAME BOY/(5482:5482): - Conectado a Broker a través del socket 4
[INFO] 20:24:56:893 GAME BOY/(5482:5482): - SE HAN ENVIADO 37 BYTES CON EXITO
[INFO] 20:24:56:900 GAME BOY/(5482:5482): Pókemon creado con éxito
[INFO] 20:25:49:889 GAME BOY/(5603:5603): LOG INICIALIZADO CON EXITO
[INFO] 20:25:49:894 GAME BOY/(5603:5603): - CONEXION EXITOSA
[TRACE] 20:25:49:895 GAME BOY/(5603:5603): - Conectado a Broker a través del socket 4
[INFO] 20:25:49:895 GAME BOY/(5603:5603): - SE HAN ENVIADO 37 BYTES CON EXITO
[INFO] 20:25:49:896 GAME BOY/(5603:5603): Pókemon creado con éxito
[INFO] 20:25:57:714 GAME BOY/(5607:5607): LOG INICIALIZADO CON EXITO
[INFO] 20:25:57:714 GAME BOY/(5607:5607): - CONEXION EXITOSA
[TRACE] 20:25:57:714 GAME BOY/(5607:5607): - Conectado a Broker a través del socket 4
[INFO] 20:25:57:715 GAME BOY/(5607:5607): - SE HAN ENVIADO 37 BYTES CON EXITO
[INFO] 20:25:57:733 GAME BOY/(5607:5607): Pókemon creado con éxito
[INFO] 20:25:58:761 GAME BOY/(5610:5610): LOG INICIALIZADO CON EXITO
[INFO] 20:25:58:762 GAME BOY/(5610:5610): - CONEXION EXITOSA
[TRACE] 20:25:58:762 GAME BOY/(5610:5610): - Conectado a Broker a través del socket 4
[INFO] 20:25:58:763 GAME BOY/(5610:5610): - SE HAN ENVIADO 37 BYTES CON EXITO
[INFO] 20:25:58:775 GAME BOY/(5610:5610): Pókemon creado con éxito
[INFO] 20:25:59:705 GAME BOY/(5613:5613): LOG INICIALIZADO CON EXITO
[INFO] 20:25:59:708 GAME BOY/(5613:5613): - CONEXION EXITOSA
[TRACE] 20:25:59:709 GAME BOY/(5613:5613): - Conectado a Broker a través del socket 4
[INFO] 20:25:59:710 GAME BOY/(5613:5613): - SE HAN ENVIADO 37 BYTES CON EXITO
[INFO] 20:25:59:716 GAME BOY/(5613:5613): Pókemon creado con éxito
[INFO] 20:26:00:436 GAME BOY/(5618:5618): LOG INICIALIZADO CON EXITO
[INFO] 20:26:00:436 GAME BOY/(5618:5618): - CONEXION EXITOSA
[TRACE] 20:26:00:437 GAME BOY/(5618:5618): - Conectado a Broker a través del socket 4
[INFO] 20:26:00:437 GAME BOY/(5618:5618): - SE HAN ENVIADO 37 BYTES CON EXITO
[INFO] 20:26:00:437 GAME BOY/(5618:5618): Pókemon creado con éxito
[INFO] 20:26:01:433 GAME BOY/(5621:5621): LOG INICIALIZADO CON EXITO
[INFO] 20:26:01:434 GAME BOY/(5621:5621): - CONEXION EXITOSA
[TRACE] 20:26:01:434 GAME BOY/(5621:5621): - Conectado a Broker a través del socket 4
[INFO] 20:26:01:434 GAME BOY/(5621:5621): - SE HAN ENVIADO 37 BYTES CON EXITO
[INFO] 20:26:01:455 GAME BOY/(5621:5621): Pókemon creado con éxito
[INFO] 20:26:17:197 GAME BOY/(5624:5624): LOG INICIALIZADO CON EXITO
[INFO] 20:26:17:199 GAME BOY/(5624:5624): - CONEXION EXITOSA
[TRACE] 20:26:17:200 GAME BOY/(5624:5624): - Conectado a Broker a través del socket 4
[INFO] 20:26:17:202 GAME BOY/(5624:5624): - SE HAN ENVIADO 41 BYTES CON EXITO
[INFO] 20:26:17:223 GAME BOY/(5624:5627): Cliente conectado!
[INFO] 20:26:17:223 GAME BOY/(5624:5627): Creando hilo de administracion de conexion con cliente ....
[INFO] 20:26:17:224 GAME BOY/(5624:5627): Hilo creado correctamente
[INFO] 20:26:17:236 GAME BOY/(5624:5624): Pedido de suscripción realizado con éxito
[INFO] 20:26:17:244 GAME BOY/(5624:5628): Tipo de mensaje recibido: 6
[INFO] 20:26:17:244 GAME BOY/(5624:5628): Se recibió un 'APPEARED_POKEMON' del Broker: 

[INFO] 20:26:17:244 GAME BOY/(5624:5628): El ID del mensaje es: 3.
[INFO] 20:26:17:244 GAME BOY/(5624:5628): El ID correlacional del mensaje es: 2.
[INFO] 20:26:17:244 GAME BOY/(5624:5628): El nombre del pokemón es: NONOs.
[INFO] 20:26:17:244 GAME BOY/(5624:5628): La posicion del pokémon en el mapa es: [5,0].
[INFO] 20:26:17:244 GAME BOY/(5624:5628): Se le avisará al Broker que se recibió correctamente el APPEARED_POKEMON
[INFO] 20:26:17:285 GAME BOY/(5624:5628): Tipo de mensaje recibido: 6
[INFO] 20:26:17:285 GAME BOY/(5624:5628): Se recibió un 'APPEARED_POKEMON' del Broker: 

[INFO] 20:26:17:285 GAME BOY/(5624:5628): El ID del mensaje es: 6.
[INFO] 20:26:17:285 GAME BOY/(5624:5628): El ID correlacional del mensaje es: 5.
[INFO] 20:26:17:285 GAME BOY/(5624:5628): El nombre del pokemón es: NONOs.
[INFO] 20:26:17:285 GAME BOY/(5624:5628): La posicion del pokémon en el mapa es: [5,0].
[INFO] 20:26:17:285 GAME BOY/(5624:5628): Se le avisará al Broker que se recibió correctamente el APPEARED_POKEMON
[INFO] 20:26:17:324 GAME BOY/(5624:5628): Tipo de mensaje recibido: 6
[INFO] 20:26:17:324 GAME BOY/(5624:5628): Se recibió un 'APPEARED_POKEMON' del Broker: 

[INFO] 20:26:17:324 GAME BOY/(5624:5628): El ID del mensaje es: 9.
[INFO] 20:26:17:324 GAME BOY/(5624:5628): El ID correlacional del mensaje es: 8.
[INFO] 20:26:17:324 GAME BOY/(5624:5628): El nombre del pokemón es: NONOs.
[INFO] 20:26:17:324 GAME BOY/(5624:5628): La posicion del pokémon en el mapa es: [5,0].
[INFO] 20:26:17:324 GAME BOY/(5624:5628): Se le avisará al Broker que se recibió correctamente el APPEARED_POKEMON
[INFO] 20:26:17:363 GAME BOY/(5624:5628): Tipo de mensaje recibido: 6
[INFO] 20:26:17:364 GAME BOY/(5624:5628): Se recibió un 'APPEARED_POKEMON' del Broker: 

[INFO] 20:26:17:364 GAME BOY/(5624:5628): El ID del mensaje es: 12.
[INFO] 20:26:17:364 GAME BOY/(5624:5628): El ID correlacional del mensaje es: 11.
[INFO] 20:26:17:364 GAME BOY/(5624:5628): El nombre del pokemón es: NONOs.
[INFO] 20:26:17:364 GAME BOY/(5624:5628): La posicion del pokémon en el mapa es: [5,0].
[INFO] 20:26:17:364 GAME BOY/(5624:5628): Se le avisará al Broker que se recibió correctamente el APPEARED_POKEMON
[INFO] 20:26:17:404 GAME BOY/(5624:5628): Tipo de mensaje recibido: 6
[INFO] 20:26:17:404 GAME BOY/(5624:5628): Se recibió un 'APPEARED_POKEMON' del Broker: 

[INFO] 20:26:17:404 GAME BOY/(5624:5628): El ID del mensaje es: 15.
[INFO] 20:26:17:404 GAME BOY/(5624:5628): El ID correlacional del mensaje es: 14.
[INFO] 20:26:17:404 GAME BOY/(5624:5628): El nombre del pokemón es: NONOs.
[INFO] 20:26:17:404 GAME BOY/(5624:5628): La posicion del pokémon en el mapa es: [5,0].
[INFO] 20:26:17:404 GAME BOY/(5624:5628): Se le avisará al Broker que se recibió correctamente el APPEARED_POKEMON
[INFO] 20:26:17:447 GAME BOY/(5624:5628): Tipo de mensaje recibido: 6
[INFO] 20:26:17:448 GAME BOY/(5624:5628): Se recibió un 'APPEARED_POKEMON' del Broker: 

[INFO] 20:26:17:448 GAME BOY/(5624:5628): El ID del mensaje es: 18.
[INFO] 20:26:17:448 GAME BOY/(5624:5628): El ID correlacional del mensaje es: 17.
[INFO] 20:26:17:448 GAME BOY/(5624:5628): El nombre del pokemón es: NONOs.
[INFO] 20:26:17:448 GAME BOY/(5624:5628): La posicion del pokémon en el mapa es: [5,0].
[INFO] 20:26:17:448 GAME BOY/(5624:5628): Se le avisará al Broker que se recibió correctamente el APPEARED_POKEMON
[INFO] 20:26:17:488 GAME BOY/(5624:5628): Tipo de mensaje recibido: 6
[INFO] 20:26:17:488 GAME BOY/(5624:5628): Se recibió un 'APPEARED_POKEMON' del Broker: 

[INFO] 20:26:17:488 GAME BOY/(5624:5628): El ID del mensaje es: 21.
[INFO] 20:26:17:488 GAME BOY/(5624:5628): El ID correlacional del mensaje es: 20.
[INFO] 20:26:17:488 GAME BOY/(5624:5628): El nombre del pokemón es: NONOs.
[INFO] 20:26:17:488 GAME BOY/(5624:5628): La posicion del pokémon en el mapa es: [5,0].
[INFO] 20:26:17:488 GAME BOY/(5624:5628): Se le avisará al Broker que se recibió correctamente el APPEARED_POKEMON
[WARNING] 20:26:43:167 GAME BOY/(5624:5628): Se desconectó el broker, o bien, terminó el tiempo de suscripcióna la cola de mensajes.
[INFO] 18:42:37:60 GAME BOY/(6055:6055): LOG INICIALIZADO CON EXITO
[INFO] 18:42:37:77 GAME BOY/(6055:6055): - CONEXION EXITOSA
[TRACE] 18:42:37:77 GAME BOY/(6055:6055): - Conectado a Broker a través del socket 4
[INFO] 18:42:37:77 GAME BOY/(6055:6055): - SE HAN ENVIADO 36 BYTES CON EXITO
[INFO] 18:44:03:98 GAME BOY/(6055:6055): Pókemon creado con éxito
[INFO] 18:48:51:503 GAME BOY/(6265:6265): LOG INICIALIZADO CON EXITO
[INFO] 18:48:51:504 GAME BOY/(6265:6265): - CONEXION EXITOSA
[TRACE] 18:48:51:505 GAME BOY/(6265:6265): - Conectado a Broker a través del socket 4
[INFO] 18:48:51:505 GAME BOY/(6265:6265): - SE HAN ENVIADO 36 BYTES CON EXITO
[INFO] 18:49:03:16 GAME BOY/(6265:6265): Pókemon creado con éxito
[INFO] 20:35:34:858 GAME BOY/(4678:4678): LOG INICIALIZADO CON EXITO
[INFO] 20:35:34:858 GAME BOY/(4678:4678): - CONEXION EXITOSA
[TRACE] 20:35:34:858 GAME BOY/(4678:4678): - Conectado a Broker a través del socket 4
[INFO] 20:35:34:858 GAME BOY/(4678:4678): - SE HAN ENVIADO 37 BYTES CON EXITO
[INFO] 20:35:34:872 GAME BOY/(4678:4678): Pókemon creado con éxito
[INFO] 20:43:41:518 GAME BOY/(5118:5118): LOG INICIALIZADO CON EXITO
[INFO] 20:43:41:522 GAME BOY/(5118:5118): - CONEXION EXITOSA
[TRACE] 20:43:41:524 GAME BOY/(5118:5118): - Conectado a Broker a través del socket 4
[INFO] 20:43:41:525 GAME BOY/(5118:5118): - SE HAN ENVIADO 37 BYTES CON EXITO
[INFO] 20:43:41:530 GAME BOY/(5118:5118): Pókemon creado con éxito
[INFO] 20:44:56:220 GAME BOY/(5129:5129): LOG INICIALIZADO CON EXITO
[INFO] 20:44:56:220 GAME BOY/(5129:5129): - CONEXION EXITOSA
[TRACE] 20:44:56:220 GAME BOY/(5129:5129): - Conectado a Broker a través del socket 4
[INFO] 20:44:56:221 GAME BOY/(5129:5129): - SE HAN ENVIADO 39 BYTES CON EXITO
[INFO] 20:44:56:237 GAME BOY/(5129:5129): Pókemon creado con éxito
[INFO] 20:48:30:64 GAME BOY/(5342:5342): LOG INICIALIZADO CON EXITO
[INFO] 20:48:30:67 GAME BOY/(5342:5342): - CONEXION EXITOSA
[TRACE] 20:48:30:69 GAME BOY/(5342:5342): - Conectado a Broker a través del socket 4
[INFO] 20:48:30:70 GAME BOY/(5342:5342): - SE HAN ENVIADO 39 BYTES CON EXITO
[INFO] 20:48:30:78 GAME BOY/(5342:5342): Pókemon creado con éxito
[INFO] 20:50:29:88 GAME BOY/(5517:5517): LOG INICIALIZADO CON EXITO
[INFO] 20:50:29:89 GAME BOY/(5517:5517): - CONEXION EXITOSA
[TRACE] 20:50:29:89 GAME BOY/(5517:5517): - Conectado a Broker a través del socket 4
[INFO] 20:50:29:89 GAME BOY/(5517:5517): - SE HAN ENVIADO 37 BYTES CON EXITO
[INFO] 20:50:29:107 GAME BOY/(5517:5517): Pókemon creado con éxito
[INFO] 20:52:22:836 GAME BOY/(5570:5570): LOG INICIALIZADO CON EXITO
[INFO] 20:52:22:838 GAME BOY/(5570:5570): - CONEXION EXITOSA
[TRACE] 20:52:22:841 GAME BOY/(5570:5570): - Conectado a Broker a través del socket 4
[INFO] 20:52:22:843 GAME BOY/(5570:5570): - SE HAN ENVIADO 37 BYTES CON EXITO
[INFO] 20:52:22:847 GAME BOY/(5570:5570): Pókemon creado con éxito
[INFO] 20:52:48:920 GAME BOY/(5577:5577): LOG INICIALIZADO CON EXITO
[INFO] 20:52:48:921 GAME BOY/(5577:5577): - CONEXION EXITOSA
[TRACE] 20:52:48:921 GAME BOY/(5577:5577): - Conectado a Broker a través del socket 4
[INFO] 20:52:48:921 GAME BOY/(5577:5577): - SE HAN ENVIADO 37 BYTES CON EXITO
[INFO] 20:52:48:934 GAME BOY/(5577:5577): Pókemon creado con éxito
[INFO] 20:52:50:468 GAME BOY/(5580:5580): LOG INICIALIZADO CON EXITO
[INFO] 20:52:50:469 GAME BOY/(5580:5580): - CONEXION EXITOSA
[TRACE] 20:52:50:472 GAME BOY/(5580:5580): - Conectado a Broker a través del socket 4
[INFO] 20:52:50:472 GAME BOY/(5580:5580): - SE HAN ENVIADO 37 BYTES CON EXITO
[INFO] 20:52:50:472 GAME BOY/(5580:5580): Pókemon creado con éxito
[INFO] 20:52:51:46 GAME BOY/(5583:5583): LOG INICIALIZADO CON EXITO
[INFO] 20:52:51:47 GAME BOY/(5583:5583): - CONEXION EXITOSA
[TRACE] 20:52:51:47 GAME BOY/(5583:5583): - Conectado a Broker a través del socket 4
[INFO] 20:52:51:47 GAME BOY/(5583:5583): - SE HAN ENVIADO 37 BYTES CON EXITO
[INFO] 20:52:51:48 GAME BOY/(5583:5583): Pókemon creado con éxito
[INFO] 20:52:51:564 GAME BOY/(5586:5586): LOG INICIALIZADO CON EXITO
[INFO] 20:52:51:565 GAME BOY/(5586:5586): - CONEXION EXITOSA
[TRACE] 20:52:51:565 GAME BOY/(5586:5586): - Conectado a Broker a través del socket 4
[INFO] 20:52:51:565 GAME BOY/(5586:5586): - SE HAN ENVIADO 37 BYTES CON EXITO
[INFO] 20:52:51:570 GAME BOY/(5586:5586): Pókemon creado con éxito
[INFO] 20:52:51:948 GAME BOY/(5589:5589): LOG INICIALIZADO CON EXITO
[INFO] 20:52:51:949 GAME BOY/(5589:5589): - CONEXION EXITOSA
[TRACE] 20:52:51:949 GAME BOY/(5589:5589): - Conectado a Broker a través del socket 4
[INFO] 20:52:51:949 GAME BOY/(5589:5589): - SE HAN ENVIADO 37 BYTES CON EXITO
[INFO] 20:52:51:949 GAME BOY/(5589:5589): Pókemon creado con éxito
[INFO] 20:52:52:284 GAME BOY/(5592:5592): LOG INICIALIZADO CON EXITO
[INFO] 20:52:52:287 GAME BOY/(5592:5592): - CONEXION EXITOSA
[TRACE] 20:52:52:292 GAME BOY/(5592:5592): - Conectado a Broker a través del socket 4
[INFO] 20:52:52:294 GAME BOY/(5592:5592): - SE HAN ENVIADO 37 BYTES CON EXITO
[INFO] 20:52:52:303 GAME BOY/(5592:5592): Pókemon creado con éxito
[INFO] 20:52:52:535 GAME BOY/(5595:5595): LOG INICIALIZADO CON EXITO
[INFO] 20:52:52:535 GAME BOY/(5595:5595): - CONEXION EXITOSA
[TRACE] 20:52:52:535 GAME BOY/(5595:5595): - Conectado a Broker a través del socket 4
[INFO] 20:52:52:536 GAME BOY/(5595:5595): - SE HAN ENVIADO 37 BYTES CON EXITO
[INFO] 20:52:52:546 GAME BOY/(5595:5595): Pókemon creado con éxito
[INFO] 20:52:52:728 GAME BOY/(5599:5599): LOG INICIALIZADO CON EXITO
[INFO] 20:52:52:729 GAME BOY/(5599:5599): - CONEXION EXITOSA
[TRACE] 20:52:52:732 GAME BOY/(5599:5599): - Conectado a Broker a través del socket 4
[INFO] 20:52:52:733 GAME BOY/(5599:5599): - SE HAN ENVIADO 37 BYTES CON EXITO
[INFO] 20:52:52:750 GAME BOY/(5599:5599): Pókemon creado con éxito
[INFO] 20:52:52:908 GAME BOY/(5602:5602): LOG INICIALIZADO CON EXITO
[INFO] 20:52:52:910 GAME BOY/(5602:5602): - CONEXION EXITOSA
[TRACE] 20:52:52:913 GAME BOY/(5602:5602): - Conectado a Broker a través del socket 4
[INFO] 20:52:52:914 GAME BOY/(5602:5602): - SE HAN ENVIADO 37 BYTES CON EXITO
[INFO] 20:52:52:931 GAME BOY/(5602:5602): Pókemon creado con éxito
[INFO] 20:52:53:85 GAME BOY/(5605:5605): LOG INICIALIZADO CON EXITO
[INFO] 20:52:53:92 GAME BOY/(5605:5605): - CONEXION EXITOSA
[TRACE] 20:52:53:94 GAME BOY/(5605:5605): - Conectado a Broker a través del socket 4
[INFO] 20:52:53:98 GAME BOY/(5605:5605): - SE HAN ENVIADO 37 BYTES CON EXITO
[INFO] 20:52:53:109 GAME BOY/(5605:5605): Pókemon creado con éxito
[INFO] 20:52:53:267 GAME BOY/(5608:5608): LOG INICIALIZADO CON EXITO
[INFO] 20:52:53:268 GAME BOY/(5608:5608): - CONEXION EXITOSA
[TRACE] 20:52:53:268 GAME BOY/(5608:5608): - Conectado a Broker a través del socket 4
[INFO] 20:52:53:268 GAME BOY/(5608:5608): - SE HAN ENVIADO 37 BYTES CON EXITO
[INFO] 20:52:53:278 GAME BOY/(5608:5608): Pókemon creado con éxito
[INFO] 20:52:53:433 GAME BOY/(5611:5611): LOG INICIALIZADO CON EXITO
[INFO] 20:52:53:439 GAME BOY/(5611:5611): - CONEXION EXITOSA
[TRACE] 20:52:53:440 GAME BOY/(5611:5611): - Conectado a Broker a través del socket 4
[INFO] 20:52:53:442 GAME BOY/(5611:5611): - SE HAN ENVIADO 37 BYTES CON EXITO
[INFO] 20:52:53:445 GAME BOY/(5611:5611): Pókemon creado con éxito
[INFO] 20:52:53:596 GAME BOY/(5614:5614): LOG INICIALIZADO CON EXITO
[INFO] 20:52:53:596 GAME BOY/(5614:5614): - CONEXION EXITOSA
[TRACE] 20:52:53:596 GAME BOY/(5614:5614): - Conectado a Broker a través del socket 4
[INFO] 20:52:53:596 GAME BOY/(5614:5614): - SE HAN ENVIADO 37 BYTES CON EXITO
[INFO] 20:52:53:597 GAME BOY/(5614:5614): Pókemon creado con éxito
[INFO] 20:53:06:153 GAME BOY/(5622:5622): LOG INICIALIZADO CON EXITO
[INFO] 20:53:06:153 GAME BOY/(5622:5622): - CONEXION EXITOSA
[TRACE] 20:53:06:153 GAME BOY/(5622:5622): - Conectado a Broker a través del socket 4
[INFO] 20:53:06:153 GAME BOY/(5622:5622): - SE HAN ENVIADO 40 BYTES CON EXITO
[INFO] 20:53:06:156 GAME BOY/(5622:5622): Pókemon creado con éxito
