[INFO] 17:46:37:885 TEAM/(8604:8604): LOG INICIALIZADO CON EXITO
[INFO] 17:48:58:979 TEAM/(8740:8740): LOG INICIALIZADO CON EXITO
[ERROR] 17:48:58:981 TEAM/(8740:8740): - FALLO AL CONECTAR AL SERVIDOR
[ERROR] 17:48:58:982 TEAM/(8740:8740): No se conectó correctamente al Broker. fallo en funcion conectarseA();
[INFO] 17:49:24:570 TEAM/(8848:8848): LOG INICIALIZADO CON EXITO
[ERROR] 17:49:24:571 TEAM/(8848:8848): - FALLO AL CONECTAR AL SERVIDOR
[ERROR] 17:49:24:572 TEAM/(8848:8848): No se conectó correctamente al Broker. fallo en funcion conectarseA();
[INFO] 17:50:55:728 TEAM/(8919:8919): LOG INICIALIZADO CON EXITO
[ERROR] 17:50:55:730 TEAM/(8919:8919): - FALLO AL CONECTAR AL SERVIDOR
[ERROR] 17:50:55:731 TEAM/(8919:8919): No se conectó correctamente al Broker. fallo en funcion conectarseA();
[INFO] 17:51:00:751 TEAM/(8919:8921): Cliente conectado!
[INFO] 17:51:00:751 TEAM/(8919:8921): Creando hilo de administracion de conexion con cliente ....
[INFO] 17:51:00:751 TEAM/(8919:8921): Hilo creado correctamente
[INFO] 17:51:00:753 TEAM/(8919:8924): Tipo de mensaje recibido: 6
[TRACE] 17:51:00:753 TEAM/(8919:8924): Llegó un APPEARD_POKEMON del Game Boy
[INFO] 17:51:00:753 TEAM/(8919:8924): El nombre del Pokemón es: Hola
[INFO] 17:51:00:753 TEAM/(8919:8924): La posicion del Pokémon es: 10 34
[WARNING] 17:51:00:753 TEAM/(8919:8924): CLIENTE DESCONECTADO
[INFO] 11:47:53:830 TEAM/(12639:12639): LOG INICIALIZADO CON EXITO
[ERROR] 11:47:53:830 TEAM/(12639:12639): - FALLO AL CONECTAR AL SERVIDOR
[ERROR] 11:47:53:831 TEAM/(12639:12639): No se conectó correctamente al Broker. fallo en funcion conectarseA();
[INFO] 19:14:34:228 TEAM/(15539:15539): LOG INICIALIZADO CON EXITO
[ERROR] 19:14:34:229 TEAM/(15539:15539): - FALLO AL CONECTAR AL SERVIDOR
[ERROR] 19:14:34:229 TEAM/(15539:15539): No se conectó correctamente al Broker. fallo en funcion conectarseA();
[INFO] 19:20:21:945 TEAM/(15750:15750): LOG INICIALIZADO CON EXITO
[ERROR] 19:20:21:946 TEAM/(15750:15750): - FALLO AL CONECTAR AL SERVIDOR
[ERROR] 19:20:21:946 TEAM/(15750:15750): No se conectó correctamente al Broker. fallo en funcion conectarseA();
[INFO] 19:24:47:832 TEAM/(16248:16248): LOG INICIALIZADO CON EXITO
[INFO] 19:25:12:913 TEAM/(16319:16319): LOG INICIALIZADO CON EXITO
[INFO] 19:26:34:506 TEAM/(16492:16492): LOG INICIALIZADO CON EXITO
[INFO] 19:29:27:137 TEAM/(16651:16651): LOG INICIALIZADO CON EXITO
[INFO] 19:31:40:657 TEAM/(16747:16747): LOG INICIALIZADO CON EXITO
[INFO] 19:32:18:452 TEAM/(16825:16825): LOG INICIALIZADO CON EXITO
[INFO] 19:32:53:211 TEAM/(16906:16906): LOG INICIALIZADO CON EXITO
[INFO] 19:33:28:888 TEAM/(16991:16991): LOG INICIALIZADO CON EXITO
[INFO] 19:34:09:537 TEAM/(17070:17070): LOG INICIALIZADO CON EXITO
[INFO] 19:35:50:584 TEAM/(17181:17181): LOG INICIALIZADO CON EXITO
[INFO] 19:36:08:54 TEAM/(17254:17254): LOG INICIALIZADO CON EXITO
[INFO] 19:37:07:958 TEAM/(17361:17361): LOG INICIALIZADO CON EXITO
[INFO] 19:37:48:565 TEAM/(17453:17453): LOG INICIALIZADO CON EXITO
[INFO] 19:38:06:763 TEAM/(17525:17525): LOG INICIALIZADO CON EXITO
[INFO] 19:38:22:204 TEAM/(17596:17596): LOG INICIALIZADO CON EXITO
[INFO] 19:39:06:218 TEAM/(17681:17681): LOG INICIALIZADO CON EXITO
[ERROR] 19:39:06:218 TEAM/(17681:17681): - FALLO AL CONECTAR AL SERVIDOR
[ERROR] 19:39:06:218 TEAM/(17681:17681): No se conectó correctamente al Broker. fallo en funcion conectarseA();
[INFO] 19:39:44:533 TEAM/(17780:17780): LOG INICIALIZADO CON EXITO
[ERROR] 19:39:44:534 TEAM/(17780:17780): - FALLO AL CONECTAR AL SERVIDOR
[ERROR] 19:39:44:534 TEAM/(17780:17780): No se conectó correctamente al Broker. fallo en funcion conectarseA();
